2011-08-16 15:13:56 INFO     squib 0.0.1 START
2011-08-16 15:13:56 DEBUG    squibs = [<Squib: cpu, priority=999>, <Squib: memory, priority=999>]
2011-08-16 15:13:56 INFO     launched: 'cpu' with pid 21107
2011-08-16 15:13:56 INFO     launched: 'memory' with pid 21108
2011-08-16 15:13:56 DEBUG    mtype = <class 'metrics.GaugeMetric'>
2011-08-16 15:13:56 DEBUG    value = 4012400640
2011-08-16 15:13:56 DEBUG    Created GaugeMetric(mem.total)
2011-08-16 15:13:56 DEBUG    mtype = <class 'metrics.GaugeMetric'>
2011-08-16 15:13:56 DEBUG    value = 1851580416
2011-08-16 15:13:56 DEBUG    Created GaugeMetric(mem.free)
2011-08-16 15:13:56 DEBUG    mtype = <class 'metrics.GaugeMetric'>
2011-08-16 15:13:56 DEBUG    value = 131661824
2011-08-16 15:13:56 DEBUG    Created GaugeMetric(mem.buffers)
2011-08-16 15:13:56 DEBUG    mtype = <class 'metrics.GaugeMetric'>
2011-08-16 15:13:56 DEBUG    value = 1047724032
2011-08-16 15:13:56 DEBUG    Created GaugeMetric(mem.cached)
2011-08-16 15:13:56 DEBUG    mtype = <class 'metrics.GaugeMetric'>
2011-08-16 15:13:56 DEBUG    value = 5.43
2011-08-16 15:13:56 DEBUG    Created GaugeMetric(cpu.user)
2011-08-16 15:13:56 DEBUG    mtype = <class 'metrics.GaugeMetric'>
2011-08-16 15:13:56 DEBUG    value = 0.00
2011-08-16 15:13:56 DEBUG    Created GaugeMetric(cpu.nice)
2011-08-16 15:13:56 DEBUG    mtype = <class 'metrics.GaugeMetric'>
2011-08-16 15:13:56 DEBUG    value = 1.09
2011-08-16 15:13:56 DEBUG    Created GaugeMetric(cpu.system)
2011-08-16 15:13:56 DEBUG    mtype = <class 'metrics.GaugeMetric'>
2011-08-16 15:13:56 DEBUG    value = 93.48
2011-08-16 15:13:56 DEBUG    Created GaugeMetric(cpu.idle)
2011-08-16 15:13:56 DEBUG    mtype = <class 'metrics.GaugeMetric'>
2011-08-16 15:13:56 DEBUG    value = 0.00
2011-08-16 15:13:56 DEBUG    Created GaugeMetric(cpu.iowait)
2011-08-16 15:13:56 DEBUG    mtype = <class 'metrics.GaugeMetric'>
2011-08-16 15:13:56 DEBUG    value = 0.00
2011-08-16 15:13:56 DEBUG    Created GaugeMetric(cpu.irq)
2011-08-16 15:13:56 DEBUG    mtype = <class 'metrics.GaugeMetric'>
2011-08-16 15:13:56 DEBUG    value = 0.00
2011-08-16 15:13:56 DEBUG    Created GaugeMetric(cpu.softirq)
2011-08-16 15:14:06 INFO     REPORT: decimus.cpu.iowait.value 0.00 1313532846
2011-08-16 15:14:06 INFO     REPORT: decimus.mem.cached.value 1047724032 1313532846
2011-08-16 15:14:06 INFO     REPORT: decimus.mem.buffers.value 131661824 1313532846
2011-08-16 15:14:06 INFO     REPORT: decimus.cpu.user.value 5.43 1313532846
2011-08-16 15:14:06 INFO     REPORT: decimus.cpu.system.value 1.09 1313532846
2011-08-16 15:14:06 INFO     REPORT: decimus.cpu.irq.value 0.00 1313532846
2011-08-16 15:14:06 INFO     REPORT: decimus.cpu.nice.value 0.00 1313532846
2011-08-16 15:14:06 INFO     REPORT: decimus.mem.free.value 1851580416 1313532846
2011-08-16 15:14:06 INFO     REPORT: decimus.cpu.idle.value 93.48 1313532846
2011-08-16 15:14:06 INFO     REPORT: decimus.cpu.softirq.value 0.00 1313532846
2011-08-16 15:14:06 INFO     REPORT: decimus.mem.total.value 4012400640 1313532846
2011-08-16 15:14:06 DEBUG    mtype = <class 'metrics.GaugeMetric'>
2011-08-16 15:14:06 DEBUG    value = 4012400640
2011-08-16 15:14:06 DEBUG    mtype = <class 'metrics.GaugeMetric'>
2011-08-16 15:14:06 DEBUG    value = 1849675776
2011-08-16 15:14:06 DEBUG    mtype = <class 'metrics.GaugeMetric'>
2011-08-16 15:14:06 DEBUG    value = 131678208
2011-08-16 15:14:06 DEBUG    mtype = <class 'metrics.GaugeMetric'>
2011-08-16 15:14:06 DEBUG    value = 1048121344
2011-08-16 15:14:06 DEBUG    mtype = <class 'metrics.GaugeMetric'>
2011-08-16 15:14:06 DEBUG    value = 2.67
2011-08-16 15:14:06 DEBUG    mtype = <class 'metrics.GaugeMetric'>
2011-08-16 15:14:06 DEBUG    value = 0.00
2011-08-16 15:14:06 DEBUG    mtype = <class 'metrics.GaugeMetric'>
2011-08-16 15:14:06 DEBUG    value = 1.05
2011-08-16 15:14:06 DEBUG    mtype = <class 'metrics.GaugeMetric'>
2011-08-16 15:14:06 DEBUG    value = 96.21
2011-08-16 15:14:06 DEBUG    mtype = <class 'metrics.GaugeMetric'>
2011-08-16 15:14:06 DEBUG    value = 0.07
2011-08-16 15:14:06 DEBUG    mtype = <class 'metrics.GaugeMetric'>
2011-08-16 15:14:06 DEBUG    value = 0.00
2011-08-16 15:14:06 DEBUG    mtype = <class 'metrics.GaugeMetric'>
2011-08-16 15:14:06 DEBUG    value = 0.00
2011-08-16 15:14:16 INFO     REPORT: decimus.cpu.iowait.value 0.07 1313532856
2011-08-16 15:14:16 INFO     REPORT: decimus.mem.cached.value 1048121344 1313532856
2011-08-16 15:14:16 INFO     REPORT: decimus.mem.buffers.value 131678208 1313532856
2011-08-16 15:14:16 INFO     REPORT: decimus.cpu.user.value 2.67 1313532856
2011-08-16 15:14:16 INFO     REPORT: decimus.cpu.system.value 1.05 1313532856
2011-08-16 15:14:16 INFO     REPORT: decimus.cpu.irq.value 0.00 1313532856
2011-08-16 15:14:16 INFO     REPORT: decimus.cpu.nice.value 0.00 1313532856
2011-08-16 15:14:16 INFO     REPORT: decimus.mem.free.value 1849675776 1313532856
2011-08-16 15:14:16 INFO     REPORT: decimus.cpu.idle.value 96.21 1313532856
2011-08-16 15:14:16 INFO     REPORT: decimus.cpu.softirq.value 0.00 1313532856
2011-08-16 15:14:16 INFO     REPORT: decimus.mem.total.value 4012400640 1313532856
2011-08-16 15:14:16 DEBUG    mtype = <class 'metrics.GaugeMetric'>
2011-08-16 15:14:16 DEBUG    value = 4012400640
2011-08-16 15:14:16 DEBUG    mtype = <class 'metrics.GaugeMetric'>
2011-08-16 15:14:16 DEBUG    value = 1842610176
2011-08-16 15:14:16 DEBUG    mtype = <class 'metrics.GaugeMetric'>
2011-08-16 15:14:16 DEBUG    value = 131686400
2011-08-16 15:14:16 DEBUG    mtype = <class 'metrics.GaugeMetric'>
2011-08-16 15:14:16 DEBUG    value = 1049546752
2011-08-16 15:14:16 DEBUG    mtype = <class 'metrics.GaugeMetric'>
2011-08-16 15:14:16 DEBUG    value = 3.00
2011-08-16 15:14:16 DEBUG    mtype = <class 'metrics.GaugeMetric'>
2011-08-16 15:14:16 DEBUG    value = 0.00
2011-08-16 15:14:16 DEBUG    mtype = <class 'metrics.GaugeMetric'>
2011-08-16 15:14:16 DEBUG    value = 1.17
2011-08-16 15:14:16 DEBUG    mtype = <class 'metrics.GaugeMetric'>
2011-08-16 15:14:16 DEBUG    value = 95.73
2011-08-16 15:14:16 DEBUG    mtype = <class 'metrics.GaugeMetric'>
2011-08-16 15:14:16 DEBUG    value = 0.10
2011-08-16 15:14:16 DEBUG    mtype = <class 'metrics.GaugeMetric'>
2011-08-16 15:14:16 DEBUG    value = 0.00
2011-08-16 15:14:16 DEBUG    mtype = <class 'metrics.GaugeMetric'>
2011-08-16 15:14:16 DEBUG    value = 0.00
2011-08-16 15:14:26 INFO     REPORT: decimus.cpu.iowait.value 0.10 1313532866
2011-08-16 15:14:26 INFO     REPORT: decimus.mem.cached.value 1049546752 1313532866
2011-08-16 15:14:26 INFO     REPORT: decimus.mem.buffers.value 131686400 1313532866
2011-08-16 15:14:26 INFO     REPORT: decimus.cpu.user.value 3.00 1313532866
2011-08-16 15:14:26 INFO     REPORT: decimus.cpu.system.value 1.17 1313532866
2011-08-16 15:14:26 INFO     REPORT: decimus.cpu.irq.value 0.00 1313532866
2011-08-16 15:14:26 INFO     REPORT: decimus.cpu.nice.value 0.00 1313532866
2011-08-16 15:14:26 INFO     REPORT: decimus.mem.free.value 1842610176 1313532866
2011-08-16 15:14:26 INFO     REPORT: decimus.cpu.idle.value 95.73 1313532866
2011-08-16 15:14:26 INFO     REPORT: decimus.cpu.softirq.value 0.00 1313532866
2011-08-16 15:14:26 INFO     REPORT: decimus.mem.total.value 4012400640 1313532866
2011-08-16 15:14:26 DEBUG    mtype = <class 'metrics.GaugeMetric'>
2011-08-16 15:14:26 DEBUG    value = 4012400640
2011-08-16 15:14:26 DEBUG    mtype = <class 'metrics.GaugeMetric'>
2011-08-16 15:14:26 DEBUG    value = 1848459264
2011-08-16 15:14:26 DEBUG    mtype = <class 'metrics.GaugeMetric'>
2011-08-16 15:14:26 DEBUG    value = 131702784
2011-08-16 15:14:26 DEBUG    mtype = <class 'metrics.GaugeMetric'>
2011-08-16 15:14:26 DEBUG    value = 1048649728
2011-08-16 15:14:26 DEBUG    mtype = <class 'metrics.GaugeMetric'>
2011-08-16 15:14:26 DEBUG    value = 2.37
2011-08-16 15:14:26 DEBUG    mtype = <class 'metrics.GaugeMetric'>
2011-08-16 15:14:26 DEBUG    value = 0.00
2011-08-16 15:14:26 DEBUG    mtype = <class 'metrics.GaugeMetric'>
2011-08-16 15:14:26 DEBUG    value = 1.02
2011-08-16 15:14:26 DEBUG    mtype = <class 'metrics.GaugeMetric'>
2011-08-16 15:14:26 DEBUG    value = 96.43
2011-08-16 15:14:26 DEBUG    mtype = <class 'metrics.GaugeMetric'>
2011-08-16 15:14:26 DEBUG    value = 0.17
2011-08-16 15:14:26 DEBUG    mtype = <class 'metrics.GaugeMetric'>
2011-08-16 15:14:26 DEBUG    value = 0.00
2011-08-16 15:14:26 DEBUG    mtype = <class 'metrics.GaugeMetric'>
2011-08-16 15:14:26 DEBUG    value = 0.00
2011-08-16 15:14:36 INFO     REPORT: decimus.cpu.iowait.value 0.17 1313532876
2011-08-16 15:14:36 INFO     REPORT: decimus.mem.cached.value 1048649728 1313532876
2011-08-16 15:14:36 INFO     REPORT: decimus.mem.buffers.value 131702784 1313532876
2011-08-16 15:14:36 INFO     REPORT: decimus.cpu.user.value 2.37 1313532876
2011-08-16 15:14:36 INFO     REPORT: decimus.cpu.system.value 1.02 1313532876
2011-08-16 15:14:36 INFO     REPORT: decimus.cpu.irq.value 0.00 1313532876
2011-08-16 15:14:36 INFO     REPORT: decimus.cpu.nice.value 0.00 1313532876
2011-08-16 15:14:36 INFO     REPORT: decimus.mem.free.value 1848459264 1313532876
2011-08-16 15:14:36 INFO     REPORT: decimus.cpu.idle.value 96.43 1313532876
2011-08-16 15:14:36 INFO     REPORT: decimus.cpu.softirq.value 0.00 1313532876
2011-08-16 15:14:36 INFO     REPORT: decimus.mem.total.value 4012400640 1313532876
2011-08-16 15:14:36 DEBUG    mtype = <class 'metrics.GaugeMetric'>
2011-08-16 15:14:36 DEBUG    value = 4012400640
2011-08-16 15:14:36 DEBUG    mtype = <class 'metrics.GaugeMetric'>
2011-08-16 15:14:36 DEBUG    value = 1847959552
2011-08-16 15:14:36 DEBUG    mtype = <class 'metrics.GaugeMetric'>
2011-08-16 15:14:36 DEBUG    value = 131710976
2011-08-16 15:14:36 DEBUG    mtype = <class 'metrics.GaugeMetric'>
2011-08-16 15:14:36 DEBUG    value = 1049047040
2011-08-16 15:14:36 DEBUG    mtype = <class 'metrics.GaugeMetric'>
2011-08-16 15:14:36 DEBUG    value = 2.10
2011-08-16 15:14:36 DEBUG    mtype = <class 'metrics.GaugeMetric'>
2011-08-16 15:14:36 DEBUG    value = 0.00
2011-08-16 15:14:36 DEBUG    mtype = <class 'metrics.GaugeMetric'>
2011-08-16 15:14:36 DEBUG    value = 1.00
2011-08-16 15:14:36 DEBUG    mtype = <class 'metrics.GaugeMetric'>
2011-08-16 15:14:36 DEBUG    value = 96.83
2011-08-16 15:14:36 DEBUG    mtype = <class 'metrics.GaugeMetric'>
2011-08-16 15:14:36 DEBUG    value = 0.07
2011-08-16 15:14:36 DEBUG    mtype = <class 'metrics.GaugeMetric'>
2011-08-16 15:14:36 DEBUG    value = 0.00
2011-08-16 15:14:36 DEBUG    mtype = <class 'metrics.GaugeMetric'>
2011-08-16 15:14:36 DEBUG    value = 0.00
2011-08-16 15:14:46 INFO     REPORT: decimus.cpu.iowait.value 0.07 1313532886
2011-08-16 15:14:46 INFO     REPORT: decimus.mem.cached.value 1049047040 1313532886
2011-08-16 15:14:46 INFO     REPORT: decimus.mem.buffers.value 131710976 1313532886
2011-08-16 15:14:46 INFO     REPORT: decimus.cpu.user.value 2.10 1313532886
2011-08-16 15:14:46 INFO     REPORT: decimus.cpu.system.value 1.00 1313532886
2011-08-16 15:14:46 INFO     REPORT: decimus.cpu.irq.value 0.00 1313532886
2011-08-16 15:14:46 INFO     REPORT: decimus.cpu.nice.value 0.00 1313532886
2011-08-16 15:14:46 INFO     REPORT: decimus.mem.free.value 1847959552 1313532886
2011-08-16 15:14:46 INFO     REPORT: decimus.cpu.idle.value 96.83 1313532886
2011-08-16 15:14:46 INFO     REPORT: decimus.cpu.softirq.value 0.00 1313532886
2011-08-16 15:14:46 INFO     REPORT: decimus.mem.total.value 4012400640 1313532886
2011-08-16 15:14:46 DEBUG    mtype = <class 'metrics.GaugeMetric'>
2011-08-16 15:14:46 DEBUG    value = 4012400640
2011-08-16 15:14:46 DEBUG    mtype = <class 'metrics.GaugeMetric'>
2011-08-16 15:14:46 DEBUG    value = 1846042624
2011-08-16 15:14:46 DEBUG    mtype = <class 'metrics.GaugeMetric'>
2011-08-16 15:14:46 DEBUG    value = 131735552
2011-08-16 15:14:46 DEBUG    mtype = <class 'metrics.GaugeMetric'>
2011-08-16 15:14:46 DEBUG    value = 1055875072
2011-08-16 15:14:46 DEBUG    mtype = <class 'metrics.GaugeMetric'>
2011-08-16 15:14:46 DEBUG    value = 5.48
2011-08-16 15:14:46 DEBUG    mtype = <class 'metrics.GaugeMetric'>
2011-08-16 15:14:46 DEBUG    value = 0.00
2011-08-16 15:14:46 DEBUG    mtype = <class 'metrics.GaugeMetric'>
2011-08-16 15:14:46 DEBUG    value = 1.25
2011-08-16 15:14:46 DEBUG    mtype = <class 'metrics.GaugeMetric'>
2011-08-16 15:14:46 DEBUG    value = 93.12
2011-08-16 15:14:46 DEBUG    mtype = <class 'metrics.GaugeMetric'>
2011-08-16 15:14:46 DEBUG    value = 0.15
2011-08-16 15:14:46 DEBUG    mtype = <class 'metrics.GaugeMetric'>
2011-08-16 15:14:46 DEBUG    value = 0.00
2011-08-16 15:14:46 DEBUG    mtype = <class 'metrics.GaugeMetric'>
2011-08-16 15:14:46 DEBUG    value = 0.00
2011-08-16 15:14:56 INFO     REPORT: decimus.cpu.iowait.value 0.15 1313532896
2011-08-16 15:14:56 INFO     REPORT: decimus.mem.cached.value 1055875072 1313532896
2011-08-16 15:14:56 INFO     REPORT: decimus.mem.buffers.value 131735552 1313532896
2011-08-16 15:14:56 INFO     REPORT: decimus.cpu.user.value 5.48 1313532896
2011-08-16 15:14:56 INFO     REPORT: decimus.cpu.system.value 1.25 1313532896
2011-08-16 15:14:56 INFO     REPORT: decimus.cpu.irq.value 0.00 1313532896
2011-08-16 15:14:56 INFO     REPORT: decimus.cpu.nice.value 0.00 1313532896
2011-08-16 15:14:56 INFO     REPORT: decimus.mem.free.value 1846042624 1313532896
2011-08-16 15:14:56 INFO     REPORT: decimus.cpu.idle.value 93.12 1313532896
2011-08-16 15:14:56 INFO     REPORT: decimus.cpu.softirq.value 0.00 1313532896
2011-08-16 15:14:56 INFO     REPORT: decimus.mem.total.value 4012400640 1313532896
2011-08-16 15:14:56 DEBUG    mtype = <class 'metrics.GaugeMetric'>
2011-08-16 15:14:56 DEBUG    value = 4012400640
2011-08-16 15:14:56 DEBUG    mtype = <class 'metrics.GaugeMetric'>
2011-08-16 15:14:56 DEBUG    value = 1851916288
2011-08-16 15:14:56 DEBUG    mtype = <class 'metrics.GaugeMetric'>
2011-08-16 15:14:56 DEBUG    value = 131756032
2011-08-16 15:14:56 DEBUG    mtype = <class 'metrics.GaugeMetric'>
2011-08-16 15:14:56 DEBUG    value = 1049526272
2011-08-16 15:14:57 DEBUG    mtype = <class 'metrics.GaugeMetric'>
2011-08-16 15:14:57 DEBUG    value = 3.67
2011-08-16 15:14:57 DEBUG    mtype = <class 'metrics.GaugeMetric'>
2011-08-16 15:14:57 DEBUG    value = 0.00
2011-08-16 15:14:57 DEBUG    mtype = <class 'metrics.GaugeMetric'>
2011-08-16 15:14:57 DEBUG    value = 1.17
2011-08-16 15:14:57 DEBUG    mtype = <class 'metrics.GaugeMetric'>
2011-08-16 15:14:57 DEBUG    value = 94.38
2011-08-16 15:14:57 DEBUG    mtype = <class 'metrics.GaugeMetric'>
2011-08-16 15:14:57 DEBUG    value = 0.75
2011-08-16 15:14:57 DEBUG    mtype = <class 'metrics.GaugeMetric'>
2011-08-16 15:14:57 DEBUG    value = 0.00
2011-08-16 15:14:57 DEBUG    mtype = <class 'metrics.GaugeMetric'>
2011-08-16 15:14:57 DEBUG    value = 0.02
2011-08-16 15:15:06 INFO     REPORT: decimus.cpu.iowait.value 0.75 1313532906
2011-08-16 15:15:06 INFO     REPORT: decimus.mem.cached.value 1049526272 1313532906
2011-08-16 15:15:06 INFO     REPORT: decimus.mem.buffers.value 131756032 1313532906
2011-08-16 15:15:06 INFO     REPORT: decimus.cpu.user.value 3.67 1313532906
2011-08-16 15:15:06 INFO     REPORT: decimus.cpu.system.value 1.17 1313532906
2011-08-16 15:15:06 INFO     REPORT: decimus.cpu.irq.value 0.00 1313532906
2011-08-16 15:15:06 INFO     REPORT: decimus.cpu.nice.value 0.00 1313532906
2011-08-16 15:15:06 INFO     REPORT: decimus.mem.free.value 1851916288 1313532906
2011-08-16 15:15:06 INFO     REPORT: decimus.cpu.idle.value 94.38 1313532906
2011-08-16 15:15:06 INFO     REPORT: decimus.cpu.softirq.value 0.02 1313532906
2011-08-16 15:15:06 INFO     REPORT: decimus.mem.total.value 4012400640 1313532906
2011-08-16 15:15:06 DEBUG    mtype = <class 'metrics.GaugeMetric'>
2011-08-16 15:15:06 DEBUG    value = 4012400640
2011-08-16 15:15:06 DEBUG    mtype = <class 'metrics.GaugeMetric'>
2011-08-16 15:15:06 DEBUG    value = 1834139648
2011-08-16 15:15:06 DEBUG    mtype = <class 'metrics.GaugeMetric'>
2011-08-16 15:15:06 DEBUG    value = 131788800
2011-08-16 15:15:06 DEBUG    mtype = <class 'metrics.GaugeMetric'>
2011-08-16 15:15:06 DEBUG    value = 1064775680
2011-08-16 15:15:07 DEBUG    mtype = <class 'metrics.GaugeMetric'>
2011-08-16 15:15:07 DEBUG    value = 9.62
2011-08-16 15:15:07 DEBUG    mtype = <class 'metrics.GaugeMetric'>
2011-08-16 15:15:07 DEBUG    value = 0.12
2011-08-16 15:15:07 DEBUG    mtype = <class 'metrics.GaugeMetric'>
2011-08-16 15:15:07 DEBUG    value = 1.92
2011-08-16 15:15:07 DEBUG    mtype = <class 'metrics.GaugeMetric'>
2011-08-16 15:15:07 DEBUG    value = 88.08
2011-08-16 15:15:07 DEBUG    mtype = <class 'metrics.GaugeMetric'>
2011-08-16 15:15:07 DEBUG    value = 0.22
2011-08-16 15:15:07 DEBUG    mtype = <class 'metrics.GaugeMetric'>
2011-08-16 15:15:07 DEBUG    value = 0.00
2011-08-16 15:15:07 DEBUG    mtype = <class 'metrics.GaugeMetric'>
2011-08-16 15:15:07 DEBUG    value = 0.02
2011-08-16 15:15:16 INFO     REPORT: decimus.cpu.iowait.value 0.22 1313532916
2011-08-16 15:15:16 INFO     REPORT: decimus.mem.cached.value 1064775680 1313532916
2011-08-16 15:15:16 INFO     REPORT: decimus.mem.buffers.value 131788800 1313532916
2011-08-16 15:15:16 INFO     REPORT: decimus.cpu.user.value 9.62 1313532916
2011-08-16 15:15:16 INFO     REPORT: decimus.cpu.system.value 1.92 1313532916
2011-08-16 15:15:16 INFO     REPORT: decimus.cpu.irq.value 0.00 1313532916
2011-08-16 15:15:16 INFO     REPORT: decimus.cpu.nice.value 0.12 1313532916
2011-08-16 15:15:16 INFO     REPORT: decimus.mem.free.value 1834139648 1313532916
2011-08-16 15:15:16 INFO     REPORT: decimus.cpu.idle.value 88.08 1313532916
2011-08-16 15:15:16 INFO     REPORT: decimus.cpu.softirq.value 0.02 1313532916
2011-08-16 15:15:16 INFO     REPORT: decimus.mem.total.value 4012400640 1313532916
2011-08-16 15:15:16 DEBUG    mtype = <class 'metrics.GaugeMetric'>
2011-08-16 15:15:16 DEBUG    value = 4012400640
2011-08-16 15:15:16 DEBUG    mtype = <class 'metrics.GaugeMetric'>
2011-08-16 15:15:16 DEBUG    value = 1842003968
2011-08-16 15:15:16 DEBUG    mtype = <class 'metrics.GaugeMetric'>
2011-08-16 15:15:16 DEBUG    value = 131837952
2011-08-16 15:15:16 DEBUG    mtype = <class 'metrics.GaugeMetric'>
2011-08-16 15:15:16 DEBUG    value = 1057013760
2011-08-16 15:15:17 DEBUG    mtype = <class 'metrics.GaugeMetric'>
2011-08-16 15:15:17 DEBUG    value = 4.33
2011-08-16 15:15:17 DEBUG    mtype = <class 'metrics.GaugeMetric'>
2011-08-16 15:15:17 DEBUG    value = 0.00
2011-08-16 15:15:17 DEBUG    mtype = <class 'metrics.GaugeMetric'>
2011-08-16 15:15:17 DEBUG    value = 1.40
2011-08-16 15:15:17 DEBUG    mtype = <class 'metrics.GaugeMetric'>
2011-08-16 15:15:17 DEBUG    value = 93.87
2011-08-16 15:15:17 DEBUG    mtype = <class 'metrics.GaugeMetric'>
2011-08-16 15:15:17 DEBUG    value = 0.40
2011-08-16 15:15:17 DEBUG    mtype = <class 'metrics.GaugeMetric'>
2011-08-16 15:15:17 DEBUG    value = 0.00
2011-08-16 15:15:17 DEBUG    mtype = <class 'metrics.GaugeMetric'>
2011-08-16 15:15:17 DEBUG    value = 0.00
2011-08-16 15:15:26 INFO     REPORT: decimus.cpu.iowait.value 0.40 1313532926
2011-08-16 15:15:26 INFO     REPORT: decimus.mem.cached.value 1057013760 1313532926
2011-08-16 15:15:26 INFO     REPORT: decimus.mem.buffers.value 131837952 1313532926
2011-08-16 15:15:26 INFO     REPORT: decimus.cpu.user.value 4.33 1313532926
2011-08-16 15:15:26 INFO     REPORT: decimus.cpu.system.value 1.40 1313532926
2011-08-16 15:15:26 INFO     REPORT: decimus.cpu.irq.value 0.00 1313532926
2011-08-16 15:15:26 INFO     REPORT: decimus.cpu.nice.value 0.00 1313532926
2011-08-16 15:15:26 INFO     REPORT: decimus.mem.free.value 1842003968 1313532926
2011-08-16 15:15:26 INFO     REPORT: decimus.cpu.idle.value 93.87 1313532926
2011-08-16 15:15:26 INFO     REPORT: decimus.cpu.softirq.value 0.00 1313532926
2011-08-16 15:15:26 INFO     REPORT: decimus.mem.total.value 4012400640 1313532926
2011-08-16 15:15:26 DEBUG    mtype = <class 'metrics.GaugeMetric'>
2011-08-16 15:15:26 DEBUG    value = 4012400640
2011-08-16 15:15:26 DEBUG    mtype = <class 'metrics.GaugeMetric'>
2011-08-16 15:15:26 DEBUG    value = 1848598528
2011-08-16 15:15:26 DEBUG    mtype = <class 'metrics.GaugeMetric'>
2011-08-16 15:15:26 DEBUG    value = 131862528
2011-08-16 15:15:26 DEBUG    mtype = <class 'metrics.GaugeMetric'>
2011-08-16 15:15:26 DEBUG    value = 1050587136
2011-08-16 15:15:27 DEBUG    mtype = <class 'metrics.GaugeMetric'>
2011-08-16 15:15:27 DEBUG    value = 2.62
2011-08-16 15:15:27 DEBUG    mtype = <class 'metrics.GaugeMetric'>
2011-08-16 15:15:27 DEBUG    value = 0.30
2011-08-16 15:15:27 DEBUG    mtype = <class 'metrics.GaugeMetric'>
2011-08-16 15:15:27 DEBUG    value = 0.70
2011-08-16 15:15:27 DEBUG    mtype = <class 'metrics.GaugeMetric'>
2011-08-16 15:15:27 DEBUG    value = 96.30
2011-08-16 15:15:27 DEBUG    mtype = <class 'metrics.GaugeMetric'>
2011-08-16 15:15:27 DEBUG    value = 0.07
2011-08-16 15:15:27 DEBUG    mtype = <class 'metrics.GaugeMetric'>
2011-08-16 15:15:27 DEBUG    value = 0.00
2011-08-16 15:15:27 DEBUG    mtype = <class 'metrics.GaugeMetric'>
2011-08-16 15:15:27 DEBUG    value = 0.00
2011-08-16 15:15:36 INFO     REPORT: decimus.cpu.iowait.value 0.07 1313532936
2011-08-16 15:15:36 INFO     REPORT: decimus.mem.cached.value 1050587136 1313532936
2011-08-16 15:15:36 INFO     REPORT: decimus.mem.buffers.value 131862528 1313532936
2011-08-16 15:15:36 INFO     REPORT: decimus.cpu.user.value 2.62 1313532936
2011-08-16 15:15:36 INFO     REPORT: decimus.cpu.system.value 0.70 1313532936
2011-08-16 15:15:36 INFO     REPORT: decimus.cpu.irq.value 0.00 1313532936
2011-08-16 15:15:36 INFO     REPORT: decimus.cpu.nice.value 0.30 1313532936
2011-08-16 15:15:36 INFO     REPORT: decimus.mem.free.value 1848598528 1313532936
2011-08-16 15:15:36 INFO     REPORT: decimus.cpu.idle.value 96.30 1313532936
2011-08-16 15:15:36 INFO     REPORT: decimus.cpu.softirq.value 0.00 1313532936
2011-08-16 15:15:36 INFO     REPORT: decimus.mem.total.value 4012400640 1313532936
2011-08-16 15:15:36 DEBUG    mtype = <class 'metrics.GaugeMetric'>
2011-08-16 15:15:36 DEBUG    value = 4012400640
2011-08-16 15:15:36 DEBUG    mtype = <class 'metrics.GaugeMetric'>
2011-08-16 15:15:36 DEBUG    value = 1848082432
2011-08-16 15:15:36 DEBUG    mtype = <class 'metrics.GaugeMetric'>
2011-08-16 15:15:36 DEBUG    value = 131887104
2011-08-16 15:15:36 DEBUG    mtype = <class 'metrics.GaugeMetric'>
2011-08-16 15:15:36 DEBUG    value = 1050853376
2011-08-16 15:15:37 DEBUG    mtype = <class 'metrics.GaugeMetric'>
2011-08-16 15:15:37 DEBUG    value = 4.10
2011-08-16 15:15:37 DEBUG    mtype = <class 'metrics.GaugeMetric'>
2011-08-16 15:15:37 DEBUG    value = 0.00
2011-08-16 15:15:37 DEBUG    mtype = <class 'metrics.GaugeMetric'>
2011-08-16 15:15:37 DEBUG    value = 1.18
2011-08-16 15:15:37 DEBUG    mtype = <class 'metrics.GaugeMetric'>
2011-08-16 15:15:37 DEBUG    value = 94.60
2011-08-16 15:15:37 DEBUG    mtype = <class 'metrics.GaugeMetric'>
2011-08-16 15:15:37 DEBUG    value = 0.10
2011-08-16 15:15:37 DEBUG    mtype = <class 'metrics.GaugeMetric'>
2011-08-16 15:15:37 DEBUG    value = 0.00
2011-08-16 15:15:37 DEBUG    mtype = <class 'metrics.GaugeMetric'>
2011-08-16 15:15:37 DEBUG    value = 0.03
2011-08-16 15:15:46 INFO     REPORT: decimus.cpu.iowait.value 0.10 1313532946
2011-08-16 15:15:46 INFO     REPORT: decimus.mem.cached.value 1050853376 1313532946
2011-08-16 15:15:46 INFO     REPORT: decimus.mem.buffers.value 131887104 1313532946
2011-08-16 15:15:46 INFO     REPORT: decimus.cpu.user.value 4.10 1313532946
2011-08-16 15:15:46 INFO     REPORT: decimus.cpu.system.value 1.18 1313532946
2011-08-16 15:15:46 INFO     REPORT: decimus.cpu.irq.value 0.00 1313532946
2011-08-16 15:15:46 INFO     REPORT: decimus.cpu.nice.value 0.00 1313532946
2011-08-16 15:15:46 INFO     REPORT: decimus.mem.free.value 1848082432 1313532946
2011-08-16 15:15:46 INFO     REPORT: decimus.cpu.idle.value 94.60 1313532946
2011-08-16 15:15:46 INFO     REPORT: decimus.cpu.softirq.value 0.03 1313532946
2011-08-16 15:15:46 INFO     REPORT: decimus.mem.total.value 4012400640 1313532946
2011-08-16 15:15:46 DEBUG    mtype = <class 'metrics.GaugeMetric'>
2011-08-16 15:15:46 DEBUG    value = 4012400640
2011-08-16 15:15:46 DEBUG    mtype = <class 'metrics.GaugeMetric'>
2011-08-16 15:15:46 DEBUG    value = 1847422976
2011-08-16 15:15:46 DEBUG    mtype = <class 'metrics.GaugeMetric'>
2011-08-16 15:15:46 DEBUG    value = 131903488
2011-08-16 15:15:46 DEBUG    mtype = <class 'metrics.GaugeMetric'>
2011-08-16 15:15:46 DEBUG    value = 1052082176
2011-08-16 15:15:47 DEBUG    mtype = <class 'metrics.GaugeMetric'>
2011-08-16 15:15:47 DEBUG    value = 1.10
2011-08-16 15:15:47 DEBUG    mtype = <class 'metrics.GaugeMetric'>
2011-08-16 15:15:47 DEBUG    value = 0.00
2011-08-16 15:15:47 DEBUG    mtype = <class 'metrics.GaugeMetric'>
2011-08-16 15:15:47 DEBUG    value = 0.73
2011-08-16 15:15:47 DEBUG    mtype = <class 'metrics.GaugeMetric'>
2011-08-16 15:15:47 DEBUG    value = 97.99
2011-08-16 15:15:47 DEBUG    mtype = <class 'metrics.GaugeMetric'>
2011-08-16 15:15:47 DEBUG    value = 0.18
2011-08-16 15:15:47 DEBUG    mtype = <class 'metrics.GaugeMetric'>
2011-08-16 15:15:47 DEBUG    value = 0.00
2011-08-16 15:15:47 DEBUG    mtype = <class 'metrics.GaugeMetric'>
2011-08-16 15:15:47 DEBUG    value = 0.00
2011-08-16 15:15:56 INFO     REPORT: decimus.cpu.iowait.value 0.18 1313532956
2011-08-16 15:15:56 INFO     REPORT: decimus.mem.cached.value 1052082176 1313532956
2011-08-16 15:15:56 INFO     REPORT: decimus.mem.buffers.value 131903488 1313532956
2011-08-16 15:15:56 INFO     REPORT: decimus.cpu.user.value 1.10 1313532956
2011-08-16 15:15:56 INFO     REPORT: decimus.cpu.system.value 0.73 1313532956
2011-08-16 15:15:56 INFO     REPORT: decimus.cpu.irq.value 0.00 1313532956
2011-08-16 15:15:56 INFO     REPORT: decimus.cpu.nice.value 0.00 1313532956
2011-08-16 15:15:56 INFO     REPORT: decimus.mem.free.value 1847422976 1313532956
2011-08-16 15:15:56 INFO     REPORT: decimus.cpu.idle.value 97.99 1313532956
2011-08-16 15:15:56 INFO     REPORT: decimus.cpu.softirq.value 0.00 1313532956
2011-08-16 15:15:56 INFO     REPORT: decimus.mem.total.value 4012400640 1313532956
2011-08-16 15:15:56 DEBUG    mtype = <class 'metrics.GaugeMetric'>
2011-08-16 15:15:56 DEBUG    value = 4012400640
2011-08-16 15:15:56 DEBUG    mtype = <class 'metrics.GaugeMetric'>
2011-08-16 15:15:56 DEBUG    value = 1848684544
2011-08-16 15:15:56 DEBUG    mtype = <class 'metrics.GaugeMetric'>
2011-08-16 15:15:56 DEBUG    value = 131919872
2011-08-16 15:15:56 DEBUG    mtype = <class 'metrics.GaugeMetric'>
2011-08-16 15:15:56 DEBUG    value = 1050857472
2011-08-16 15:15:57 DEBUG    mtype = <class 'metrics.GaugeMetric'>
2011-08-16 15:15:57 DEBUG    value = 1.17
2011-08-16 15:15:57 DEBUG    mtype = <class 'metrics.GaugeMetric'>
2011-08-16 15:15:57 DEBUG    value = 0.00
2011-08-16 15:15:57 DEBUG    mtype = <class 'metrics.GaugeMetric'>
2011-08-16 15:15:57 DEBUG    value = 0.67
2011-08-16 15:15:57 DEBUG    mtype = <class 'metrics.GaugeMetric'>
2011-08-16 15:15:57 DEBUG    value = 98.15
2011-08-16 15:15:57 DEBUG    mtype = <class 'metrics.GaugeMetric'>
2011-08-16 15:15:57 DEBUG    value = 0.00
2011-08-16 15:15:57 DEBUG    mtype = <class 'metrics.GaugeMetric'>
2011-08-16 15:15:57 DEBUG    value = 0.00
2011-08-16 15:15:57 DEBUG    mtype = <class 'metrics.GaugeMetric'>
2011-08-16 15:15:57 DEBUG    value = 0.00
2011-08-16 15:16:06 INFO     REPORT: decimus.cpu.iowait.value 0.00 1313532966
2011-08-16 15:16:06 INFO     REPORT: decimus.mem.cached.value 1050857472 1313532966
2011-08-16 15:16:06 INFO     REPORT: decimus.mem.buffers.value 131919872 1313532966
2011-08-16 15:16:06 INFO     REPORT: decimus.cpu.user.value 1.17 1313532966
2011-08-16 15:16:06 INFO     REPORT: decimus.cpu.system.value 0.67 1313532966
2011-08-16 15:16:06 INFO     REPORT: decimus.cpu.irq.value 0.00 1313532966
2011-08-16 15:16:06 INFO     REPORT: decimus.cpu.nice.value 0.00 1313532966
2011-08-16 15:16:06 INFO     REPORT: decimus.mem.free.value 1848684544 1313532966
2011-08-16 15:16:06 INFO     REPORT: decimus.cpu.idle.value 98.15 1313532966
2011-08-16 15:16:06 INFO     REPORT: decimus.cpu.softirq.value 0.00 1313532966
2011-08-16 15:16:06 INFO     REPORT: decimus.mem.total.value 4012400640 1313532966
2011-08-16 15:16:06 DEBUG    mtype = <class 'metrics.GaugeMetric'>
2011-08-16 15:16:06 DEBUG    value = 4012400640
2011-08-16 15:16:06 DEBUG    mtype = <class 'metrics.GaugeMetric'>
2011-08-16 15:16:06 DEBUG    value = 1848188928
2011-08-16 15:16:06 DEBUG    mtype = <class 'metrics.GaugeMetric'>
2011-08-16 15:16:06 DEBUG    value = 131928064
2011-08-16 15:16:06 DEBUG    mtype = <class 'metrics.GaugeMetric'>
2011-08-16 15:16:06 DEBUG    value = 1050857472
2011-08-16 15:16:07 DEBUG    mtype = <class 'metrics.GaugeMetric'>
2011-08-16 15:16:07 DEBUG    value = 1.27
2011-08-16 15:16:07 DEBUG    mtype = <class 'metrics.GaugeMetric'>
2011-08-16 15:16:07 DEBUG    value = 0.00
2011-08-16 15:16:07 DEBUG    mtype = <class 'metrics.GaugeMetric'>
2011-08-16 15:16:07 DEBUG    value = 0.55
2011-08-16 15:16:07 DEBUG    mtype = <class 'metrics.GaugeMetric'>
2011-08-16 15:16:07 DEBUG    value = 98.08
2011-08-16 15:16:07 DEBUG    mtype = <class 'metrics.GaugeMetric'>
2011-08-16 15:16:07 DEBUG    value = 0.10
2011-08-16 15:16:07 DEBUG    mtype = <class 'metrics.GaugeMetric'>
2011-08-16 15:16:07 DEBUG    value = 0.00
2011-08-16 15:16:07 DEBUG    mtype = <class 'metrics.GaugeMetric'>
2011-08-16 15:16:07 DEBUG    value = 0.00
2011-08-16 15:16:16 INFO     REPORT: decimus.cpu.iowait.value 0.10 1313532976
2011-08-16 15:16:16 INFO     REPORT: decimus.mem.cached.value 1050857472 1313532976
2011-08-16 15:16:16 INFO     REPORT: decimus.mem.buffers.value 131928064 1313532976
2011-08-16 15:16:16 INFO     REPORT: decimus.cpu.user.value 1.27 1313532976
2011-08-16 15:16:16 INFO     REPORT: decimus.cpu.system.value 0.55 1313532976
2011-08-16 15:16:16 INFO     REPORT: decimus.cpu.irq.value 0.00 1313532976
2011-08-16 15:16:16 INFO     REPORT: decimus.cpu.nice.value 0.00 1313532976
2011-08-16 15:16:16 INFO     REPORT: decimus.mem.free.value 1848188928 1313532976
2011-08-16 15:16:16 INFO     REPORT: decimus.cpu.idle.value 98.08 1313532976
2011-08-16 15:16:16 INFO     REPORT: decimus.cpu.softirq.value 0.00 1313532976
2011-08-16 15:16:16 INFO     REPORT: decimus.mem.total.value 4012400640 1313532976
2011-08-16 15:16:16 DEBUG    mtype = <class 'metrics.GaugeMetric'>
2011-08-16 15:16:16 DEBUG    value = 4012400640
2011-08-16 15:16:16 DEBUG    mtype = <class 'metrics.GaugeMetric'>
2011-08-16 15:16:16 DEBUG    value = 1847701504
2011-08-16 15:16:16 DEBUG    mtype = <class 'metrics.GaugeMetric'>
2011-08-16 15:16:16 DEBUG    value = 131944448
2011-08-16 15:16:16 DEBUG    mtype = <class 'metrics.GaugeMetric'>
2011-08-16 15:16:16 DEBUG    value = 1050689536
2011-08-16 15:16:17 DEBUG    mtype = <class 'metrics.GaugeMetric'>
2011-08-16 15:16:17 DEBUG    value = 1.23
2011-08-16 15:16:17 DEBUG    mtype = <class 'metrics.GaugeMetric'>
2011-08-16 15:16:17 DEBUG    value = 0.00
2011-08-16 15:16:17 DEBUG    mtype = <class 'metrics.GaugeMetric'>
2011-08-16 15:16:17 DEBUG    value = 0.73
2011-08-16 15:16:17 DEBUG    mtype = <class 'metrics.GaugeMetric'>
2011-08-16 15:16:17 DEBUG    value = 97.82
2011-08-16 15:16:17 DEBUG    mtype = <class 'metrics.GaugeMetric'>
2011-08-16 15:16:17 DEBUG    value = 0.23
2011-08-16 15:16:17 DEBUG    mtype = <class 'metrics.GaugeMetric'>
2011-08-16 15:16:17 DEBUG    value = 0.00
2011-08-16 15:16:17 DEBUG    mtype = <class 'metrics.GaugeMetric'>
2011-08-16 15:16:17 DEBUG    value = 0.00
2011-08-16 15:16:26 INFO     REPORT: decimus.cpu.iowait.value 0.23 1313532986
2011-08-16 15:16:26 INFO     REPORT: decimus.mem.cached.value 1050689536 1313532986
2011-08-16 15:16:26 INFO     REPORT: decimus.mem.buffers.value 131944448 1313532986
2011-08-16 15:16:26 INFO     REPORT: decimus.cpu.user.value 1.23 1313532986
2011-08-16 15:16:26 INFO     REPORT: decimus.cpu.system.value 0.73 1313532986
2011-08-16 15:16:26 INFO     REPORT: decimus.cpu.irq.value 0.00 1313532986
2011-08-16 15:16:26 INFO     REPORT: decimus.cpu.nice.value 0.00 1313532986
2011-08-16 15:16:26 INFO     REPORT: decimus.mem.free.value 1847701504 1313532986
2011-08-16 15:16:26 INFO     REPORT: decimus.cpu.idle.value 97.82 1313532986
2011-08-16 15:16:26 INFO     REPORT: decimus.cpu.softirq.value 0.00 1313532986
2011-08-16 15:16:26 INFO     REPORT: decimus.mem.total.value 4012400640 1313532986
2011-08-16 15:16:26 DEBUG    mtype = <class 'metrics.GaugeMetric'>
2011-08-16 15:16:26 DEBUG    value = 4012400640
2011-08-16 15:16:26 DEBUG    mtype = <class 'metrics.GaugeMetric'>
2011-08-16 15:16:26 DEBUG    value = 1848311808
2011-08-16 15:16:26 DEBUG    mtype = <class 'metrics.GaugeMetric'>
2011-08-16 15:16:26 DEBUG    value = 131960832
2011-08-16 15:16:26 DEBUG    mtype = <class 'metrics.GaugeMetric'>
2011-08-16 15:16:26 DEBUG    value = 1050632192
2011-08-16 15:16:27 DEBUG    mtype = <class 'metrics.GaugeMetric'>
2011-08-16 15:16:27 DEBUG    value = 1.10
2011-08-16 15:16:27 DEBUG    mtype = <class 'metrics.GaugeMetric'>
2011-08-16 15:16:27 DEBUG    value = 0.00
2011-08-16 15:16:27 DEBUG    mtype = <class 'metrics.GaugeMetric'>
2011-08-16 15:16:27 DEBUG    value = 0.70
2011-08-16 15:16:27 DEBUG    mtype = <class 'metrics.GaugeMetric'>
2011-08-16 15:16:27 DEBUG    value = 98.13
2011-08-16 15:16:27 DEBUG    mtype = <class 'metrics.GaugeMetric'>
2011-08-16 15:16:27 DEBUG    value = 0.07
2011-08-16 15:16:27 DEBUG    mtype = <class 'metrics.GaugeMetric'>
2011-08-16 15:16:27 DEBUG    value = 0.00
2011-08-16 15:16:27 DEBUG    mtype = <class 'metrics.GaugeMetric'>
2011-08-16 15:16:27 DEBUG    value = 0.00
2011-08-16 15:16:36 INFO     REPORT: decimus.cpu.iowait.value 0.07 1313532996
2011-08-16 15:16:36 INFO     REPORT: decimus.mem.cached.value 1050632192 1313532996
2011-08-16 15:16:36 INFO     REPORT: decimus.mem.buffers.value 131960832 1313532996
2011-08-16 15:16:36 INFO     REPORT: decimus.cpu.user.value 1.10 1313532996
2011-08-16 15:16:36 INFO     REPORT: decimus.cpu.system.value 0.70 1313532996
2011-08-16 15:16:36 INFO     REPORT: decimus.cpu.irq.value 0.00 1313532996
2011-08-16 15:16:36 INFO     REPORT: decimus.cpu.nice.value 0.00 1313532996
2011-08-16 15:16:36 INFO     REPORT: decimus.mem.free.value 1848311808 1313532996
2011-08-16 15:16:36 INFO     REPORT: decimus.cpu.idle.value 98.13 1313532996
2011-08-16 15:16:36 INFO     REPORT: decimus.cpu.softirq.value 0.00 1313532996
2011-08-16 15:16:36 INFO     REPORT: decimus.mem.total.value 4012400640 1313532996
2011-08-16 15:16:36 DEBUG    mtype = <class 'metrics.GaugeMetric'>
2011-08-16 15:16:36 DEBUG    value = 4012400640
2011-08-16 15:16:36 DEBUG    mtype = <class 'metrics.GaugeMetric'>
2011-08-16 15:16:36 DEBUG    value = 1847468032
2011-08-16 15:16:36 DEBUG    mtype = <class 'metrics.GaugeMetric'>
2011-08-16 15:16:36 DEBUG    value = 131969024
2011-08-16 15:16:36 DEBUG    mtype = <class 'metrics.GaugeMetric'>
2011-08-16 15:16:36 DEBUG    value = 1050636288
2011-08-16 15:16:37 DEBUG    mtype = <class 'metrics.GaugeMetric'>
2011-08-16 15:16:37 DEBUG    value = 0.98
2011-08-16 15:16:37 DEBUG    mtype = <class 'metrics.GaugeMetric'>
2011-08-16 15:16:37 DEBUG    value = 0.00
2011-08-16 15:16:37 DEBUG    mtype = <class 'metrics.GaugeMetric'>
2011-08-16 15:16:37 DEBUG    value = 0.68
2011-08-16 15:16:37 DEBUG    mtype = <class 'metrics.GaugeMetric'>
2011-08-16 15:16:37 DEBUG    value = 98.27
2011-08-16 15:16:37 DEBUG    mtype = <class 'metrics.GaugeMetric'>
2011-08-16 15:16:37 DEBUG    value = 0.08
2011-08-16 15:16:37 DEBUG    mtype = <class 'metrics.GaugeMetric'>
2011-08-16 15:16:37 DEBUG    value = 0.00
2011-08-16 15:16:37 DEBUG    mtype = <class 'metrics.GaugeMetric'>
2011-08-16 15:16:37 DEBUG    value = 0.00
2011-08-16 15:16:46 INFO     REPORT: decimus.cpu.iowait.value 0.08 1313533006
2011-08-16 15:16:46 INFO     REPORT: decimus.mem.cached.value 1050636288 1313533006
2011-08-16 15:16:46 INFO     REPORT: decimus.mem.buffers.value 131969024 1313533006
2011-08-16 15:16:46 INFO     REPORT: decimus.cpu.user.value 0.98 1313533006
2011-08-16 15:16:46 INFO     REPORT: decimus.cpu.system.value 0.68 1313533006
2011-08-16 15:16:46 INFO     REPORT: decimus.cpu.irq.value 0.00 1313533006
2011-08-16 15:16:46 INFO     REPORT: decimus.cpu.nice.value 0.00 1313533006
2011-08-16 15:16:46 INFO     REPORT: decimus.mem.free.value 1847468032 1313533006
2011-08-16 15:16:46 INFO     REPORT: decimus.cpu.idle.value 98.27 1313533006
2011-08-16 15:16:46 INFO     REPORT: decimus.cpu.softirq.value 0.00 1313533006
2011-08-16 15:16:46 INFO     REPORT: decimus.mem.total.value 4012400640 1313533006
2011-08-16 15:16:46 DEBUG    mtype = <class 'metrics.GaugeMetric'>
2011-08-16 15:16:46 DEBUG    value = 4012400640
2011-08-16 15:16:46 DEBUG    mtype = <class 'metrics.GaugeMetric'>
2011-08-16 15:16:46 DEBUG    value = 1847365632
2011-08-16 15:16:46 DEBUG    mtype = <class 'metrics.GaugeMetric'>
2011-08-16 15:16:46 DEBUG    value = 131997696
2011-08-16 15:16:46 DEBUG    mtype = <class 'metrics.GaugeMetric'>
2011-08-16 15:16:46 DEBUG    value = 1050660864
2011-08-16 15:16:47 DEBUG    mtype = <class 'metrics.GaugeMetric'>
2011-08-16 15:16:47 DEBUG    value = 1.34
2011-08-16 15:16:47 DEBUG    mtype = <class 'metrics.GaugeMetric'>
2011-08-16 15:16:47 DEBUG    value = 0.00
2011-08-16 15:16:47 DEBUG    mtype = <class 'metrics.GaugeMetric'>
2011-08-16 15:16:47 DEBUG    value = 0.70
2011-08-16 15:16:47 DEBUG    mtype = <class 'metrics.GaugeMetric'>
2011-08-16 15:16:47 DEBUG    value = 97.71
2011-08-16 15:16:47 DEBUG    mtype = <class 'metrics.GaugeMetric'>
2011-08-16 15:16:47 DEBUG    value = 0.25
2011-08-16 15:16:47 DEBUG    mtype = <class 'metrics.GaugeMetric'>
2011-08-16 15:16:47 DEBUG    value = 0.00
2011-08-16 15:16:47 DEBUG    mtype = <class 'metrics.GaugeMetric'>
2011-08-16 15:16:47 DEBUG    value = 0.00
2011-08-16 15:16:56 INFO     REPORT: decimus.cpu.iowait.value 0.25 1313533016
2011-08-16 15:16:56 INFO     REPORT: decimus.mem.cached.value 1050660864 1313533016
2011-08-16 15:16:56 INFO     REPORT: decimus.mem.buffers.value 131997696 1313533016
2011-08-16 15:16:56 INFO     REPORT: decimus.cpu.user.value 1.34 1313533016
2011-08-16 15:16:56 INFO     REPORT: decimus.cpu.system.value 0.70 1313533016
2011-08-16 15:16:56 INFO     REPORT: decimus.cpu.irq.value 0.00 1313533016
2011-08-16 15:16:56 INFO     REPORT: decimus.cpu.nice.value 0.00 1313533016
2011-08-16 15:16:56 INFO     REPORT: decimus.mem.free.value 1847365632 1313533016
2011-08-16 15:16:56 INFO     REPORT: decimus.cpu.idle.value 97.71 1313533016
2011-08-16 15:16:56 INFO     REPORT: decimus.cpu.softirq.value 0.00 1313533016
2011-08-16 15:16:56 INFO     REPORT: decimus.mem.total.value 4012400640 1313533016
2011-08-16 15:16:56 DEBUG    mtype = <class 'metrics.GaugeMetric'>
2011-08-16 15:16:56 DEBUG    value = 4012400640
2011-08-16 15:16:56 DEBUG    mtype = <class 'metrics.GaugeMetric'>
2011-08-16 15:16:56 DEBUG    value = 1847238656
2011-08-16 15:16:56 DEBUG    mtype = <class 'metrics.GaugeMetric'>
2011-08-16 15:16:56 DEBUG    value = 132014080
2011-08-16 15:16:56 DEBUG    mtype = <class 'metrics.GaugeMetric'>
2011-08-16 15:16:56 DEBUG    value = 1050693632
2011-08-16 15:16:57 DEBUG    mtype = <class 'metrics.GaugeMetric'>
2011-08-16 15:16:57 DEBUG    value = 1.35
2011-08-16 15:16:57 DEBUG    mtype = <class 'metrics.GaugeMetric'>
2011-08-16 15:16:57 DEBUG    value = 0.00
2011-08-16 15:16:57 DEBUG    mtype = <class 'metrics.GaugeMetric'>
2011-08-16 15:16:57 DEBUG    value = 0.73
2011-08-16 15:16:57 DEBUG    mtype = <class 'metrics.GaugeMetric'>
2011-08-16 15:16:57 DEBUG    value = 97.92
2011-08-16 15:16:57 DEBUG    mtype = <class 'metrics.GaugeMetric'>
2011-08-16 15:16:57 DEBUG    value = 0.00
2011-08-16 15:16:57 DEBUG    mtype = <class 'metrics.GaugeMetric'>
2011-08-16 15:16:57 DEBUG    value = 0.00
2011-08-16 15:16:57 DEBUG    mtype = <class 'metrics.GaugeMetric'>
2011-08-16 15:16:57 DEBUG    value = 0.00
2011-08-16 15:17:06 INFO     REPORT: decimus.cpu.iowait.value 0.00 1313533026
2011-08-16 15:17:06 INFO     REPORT: decimus.mem.cached.value 1050693632 1313533026
2011-08-16 15:17:06 INFO     REPORT: decimus.mem.buffers.value 132014080 1313533026
2011-08-16 15:17:06 INFO     REPORT: decimus.cpu.user.value 1.35 1313533026
2011-08-16 15:17:06 INFO     REPORT: decimus.cpu.system.value 0.73 1313533026
2011-08-16 15:17:06 INFO     REPORT: decimus.cpu.irq.value 0.00 1313533026
2011-08-16 15:17:06 INFO     REPORT: decimus.cpu.nice.value 0.00 1313533026
2011-08-16 15:17:06 INFO     REPORT: decimus.mem.free.value 1847238656 1313533026
2011-08-16 15:17:06 INFO     REPORT: decimus.cpu.idle.value 97.92 1313533026
2011-08-16 15:17:06 INFO     REPORT: decimus.cpu.softirq.value 0.00 1313533026
2011-08-16 15:17:06 INFO     REPORT: decimus.mem.total.value 4012400640 1313533026
2011-08-16 15:17:06 DEBUG    mtype = <class 'metrics.GaugeMetric'>
2011-08-16 15:17:06 DEBUG    value = 4012400640
2011-08-16 15:17:06 DEBUG    mtype = <class 'metrics.GaugeMetric'>
2011-08-16 15:17:06 DEBUG    value = 1847087104
2011-08-16 15:17:06 DEBUG    mtype = <class 'metrics.GaugeMetric'>
2011-08-16 15:17:06 DEBUG    value = 132022272
2011-08-16 15:17:06 DEBUG    mtype = <class 'metrics.GaugeMetric'>
2011-08-16 15:17:06 DEBUG    value = 1050693632
2011-08-16 15:17:07 DEBUG    mtype = <class 'metrics.GaugeMetric'>
2011-08-16 15:17:07 DEBUG    value = 1.30
2011-08-16 15:17:07 DEBUG    mtype = <class 'metrics.GaugeMetric'>
2011-08-16 15:17:07 DEBUG    value = 0.00
2011-08-16 15:17:07 DEBUG    mtype = <class 'metrics.GaugeMetric'>
2011-08-16 15:17:07 DEBUG    value = 0.70
2011-08-16 15:17:07 DEBUG    mtype = <class 'metrics.GaugeMetric'>
2011-08-16 15:17:07 DEBUG    value = 97.93
2011-08-16 15:17:07 DEBUG    mtype = <class 'metrics.GaugeMetric'>
2011-08-16 15:17:07 DEBUG    value = 0.07
2011-08-16 15:17:07 DEBUG    mtype = <class 'metrics.GaugeMetric'>
2011-08-16 15:17:07 DEBUG    value = 0.00
2011-08-16 15:17:07 DEBUG    mtype = <class 'metrics.GaugeMetric'>
2011-08-16 15:17:07 DEBUG    value = 0.00
2011-08-16 15:17:16 INFO     REPORT: decimus.cpu.iowait.value 0.07 1313533036
2011-08-16 15:17:16 INFO     REPORT: decimus.mem.cached.value 1050693632 1313533036
2011-08-16 15:17:16 INFO     REPORT: decimus.mem.buffers.value 132022272 1313533036
2011-08-16 15:17:16 INFO     REPORT: decimus.cpu.user.value 1.30 1313533036
2011-08-16 15:17:16 INFO     REPORT: decimus.cpu.system.value 0.70 1313533036
2011-08-16 15:17:16 INFO     REPORT: decimus.cpu.irq.value 0.00 1313533036
2011-08-16 15:17:16 INFO     REPORT: decimus.cpu.nice.value 0.00 1313533036
2011-08-16 15:17:16 INFO     REPORT: decimus.mem.free.value 1847087104 1313533036
2011-08-16 15:17:16 INFO     REPORT: decimus.cpu.idle.value 97.93 1313533036
2011-08-16 15:17:16 INFO     REPORT: decimus.cpu.softirq.value 0.00 1313533036
2011-08-16 15:17:16 INFO     REPORT: decimus.mem.total.value 4012400640 1313533036
2011-08-16 15:17:16 DEBUG    mtype = <class 'metrics.GaugeMetric'>
2011-08-16 15:17:16 DEBUG    value = 4012400640
2011-08-16 15:17:16 DEBUG    mtype = <class 'metrics.GaugeMetric'>
2011-08-16 15:17:16 DEBUG    value = 1846976512
2011-08-16 15:17:16 DEBUG    mtype = <class 'metrics.GaugeMetric'>
2011-08-16 15:17:16 DEBUG    value = 132030464
2011-08-16 15:17:16 DEBUG    mtype = <class 'metrics.GaugeMetric'>
2011-08-16 15:17:16 DEBUG    value = 1050849280
2011-08-16 15:17:17 DEBUG    mtype = <class 'metrics.GaugeMetric'>
2011-08-16 15:17:17 DEBUG    value = 1.12
2011-08-16 15:17:17 DEBUG    mtype = <class 'metrics.GaugeMetric'>
2011-08-16 15:17:17 DEBUG    value = 0.10
2011-08-16 15:17:17 DEBUG    mtype = <class 'metrics.GaugeMetric'>
2011-08-16 15:17:17 DEBUG    value = 0.65
2011-08-16 15:17:17 DEBUG    mtype = <class 'metrics.GaugeMetric'>
2011-08-16 15:17:17 DEBUG    value = 98.13
2011-08-16 15:17:17 DEBUG    mtype = <class 'metrics.GaugeMetric'>
2011-08-16 15:17:17 DEBUG    value = 0.00
2011-08-16 15:17:17 DEBUG    mtype = <class 'metrics.GaugeMetric'>
2011-08-16 15:17:17 DEBUG    value = 0.00
2011-08-16 15:17:17 DEBUG    mtype = <class 'metrics.GaugeMetric'>
2011-08-16 15:17:17 DEBUG    value = 0.00
2011-08-16 15:17:26 INFO     REPORT: decimus.cpu.iowait.value 0.00 1313533046
2011-08-16 15:17:26 INFO     REPORT: decimus.mem.cached.value 1050849280 1313533046
2011-08-16 15:17:26 INFO     REPORT: decimus.mem.buffers.value 132030464 1313533046
2011-08-16 15:17:26 INFO     REPORT: decimus.cpu.user.value 1.12 1313533046
2011-08-16 15:17:26 INFO     REPORT: decimus.cpu.system.value 0.65 1313533046
2011-08-16 15:17:26 INFO     REPORT: decimus.cpu.irq.value 0.00 1313533046
2011-08-16 15:17:26 INFO     REPORT: decimus.cpu.nice.value 0.10 1313533046
2011-08-16 15:17:26 INFO     REPORT: decimus.mem.free.value 1846976512 1313533046
2011-08-16 15:17:26 INFO     REPORT: decimus.cpu.idle.value 98.13 1313533046
2011-08-16 15:17:26 INFO     REPORT: decimus.cpu.softirq.value 0.00 1313533046
2011-08-16 15:17:26 INFO     REPORT: decimus.mem.total.value 4012400640 1313533046
2011-08-16 15:17:26 DEBUG    mtype = <class 'metrics.GaugeMetric'>
2011-08-16 15:17:26 DEBUG    value = 4012400640
2011-08-16 15:17:26 DEBUG    mtype = <class 'metrics.GaugeMetric'>
2011-08-16 15:17:26 DEBUG    value = 1847468032
2011-08-16 15:17:26 DEBUG    mtype = <class 'metrics.GaugeMetric'>
2011-08-16 15:17:26 DEBUG    value = 132038656
2011-08-16 15:17:26 DEBUG    mtype = <class 'metrics.GaugeMetric'>
2011-08-16 15:17:26 DEBUG    value = 1050746880
2011-08-16 15:17:27 DEBUG    mtype = <class 'metrics.GaugeMetric'>
2011-08-16 15:17:27 DEBUG    value = 1.23
2011-08-16 15:17:27 DEBUG    mtype = <class 'metrics.GaugeMetric'>
2011-08-16 15:17:27 DEBUG    value = 0.00
2011-08-16 15:17:27 DEBUG    mtype = <class 'metrics.GaugeMetric'>
2011-08-16 15:17:27 DEBUG    value = 0.73
2011-08-16 15:17:27 DEBUG    mtype = <class 'metrics.GaugeMetric'>
2011-08-16 15:17:27 DEBUG    value = 98.05
2011-08-16 15:17:27 DEBUG    mtype = <class 'metrics.GaugeMetric'>
2011-08-16 15:17:27 DEBUG    value = 0.00
2011-08-16 15:17:27 DEBUG    mtype = <class 'metrics.GaugeMetric'>
2011-08-16 15:17:27 DEBUG    value = 0.00
2011-08-16 15:17:27 DEBUG    mtype = <class 'metrics.GaugeMetric'>
2011-08-16 15:17:27 DEBUG    value = 0.00
2011-08-16 15:17:36 INFO     REPORT: decimus.cpu.iowait.value 0.00 1313533056
2011-08-16 15:17:36 INFO     REPORT: decimus.mem.cached.value 1050746880 1313533056
2011-08-16 15:17:36 INFO     REPORT: decimus.mem.buffers.value 132038656 1313533056
2011-08-16 15:17:36 INFO     REPORT: decimus.cpu.user.value 1.23 1313533056
2011-08-16 15:17:36 INFO     REPORT: decimus.cpu.system.value 0.73 1313533056
2011-08-16 15:17:36 INFO     REPORT: decimus.cpu.irq.value 0.00 1313533056
2011-08-16 15:17:36 INFO     REPORT: decimus.cpu.nice.value 0.00 1313533056
2011-08-16 15:17:36 INFO     REPORT: decimus.mem.free.value 1847468032 1313533056
2011-08-16 15:17:36 INFO     REPORT: decimus.cpu.idle.value 98.05 1313533056
2011-08-16 15:17:36 INFO     REPORT: decimus.cpu.softirq.value 0.00 1313533056
2011-08-16 15:17:36 INFO     REPORT: decimus.mem.total.value 4012400640 1313533056
2011-08-16 15:17:36 DEBUG    mtype = <class 'metrics.GaugeMetric'>
2011-08-16 15:17:36 DEBUG    value = 4012400640
2011-08-16 15:17:36 DEBUG    mtype = <class 'metrics.GaugeMetric'>
2011-08-16 15:17:36 DEBUG    value = 1847111680
2011-08-16 15:17:36 DEBUG    mtype = <class 'metrics.GaugeMetric'>
2011-08-16 15:17:36 DEBUG    value = 132046848
2011-08-16 15:17:36 DEBUG    mtype = <class 'metrics.GaugeMetric'>
2011-08-16 15:17:36 DEBUG    value = 1050750976
2011-08-16 15:17:37 DEBUG    mtype = <class 'metrics.GaugeMetric'>
2011-08-16 15:17:37 DEBUG    value = 1.10
2011-08-16 15:17:37 DEBUG    mtype = <class 'metrics.GaugeMetric'>
2011-08-16 15:17:37 DEBUG    value = 0.15
2011-08-16 15:17:37 DEBUG    mtype = <class 'metrics.GaugeMetric'>
2011-08-16 15:17:37 DEBUG    value = 0.77
2011-08-16 15:17:37 DEBUG    mtype = <class 'metrics.GaugeMetric'>
2011-08-16 15:17:37 DEBUG    value = 97.90
2011-08-16 15:17:37 DEBUG    mtype = <class 'metrics.GaugeMetric'>
2011-08-16 15:17:37 DEBUG    value = 0.07
2011-08-16 15:17:37 DEBUG    mtype = <class 'metrics.GaugeMetric'>
2011-08-16 15:17:37 DEBUG    value = 0.00
2011-08-16 15:17:37 DEBUG    mtype = <class 'metrics.GaugeMetric'>
2011-08-16 15:17:37 DEBUG    value = 0.00
2011-08-16 15:17:46 INFO     REPORT: decimus.cpu.iowait.value 0.07 1313533066
2011-08-16 15:17:46 INFO     REPORT: decimus.mem.cached.value 1050750976 1313533066
2011-08-16 15:17:46 INFO     REPORT: decimus.mem.buffers.value 132046848 1313533066
2011-08-16 15:17:46 INFO     REPORT: decimus.cpu.user.value 1.10 1313533066
2011-08-16 15:17:46 INFO     REPORT: decimus.cpu.system.value 0.77 1313533066
2011-08-16 15:17:46 INFO     REPORT: decimus.cpu.irq.value 0.00 1313533066
2011-08-16 15:17:46 INFO     REPORT: decimus.cpu.nice.value 0.15 1313533066
2011-08-16 15:17:46 INFO     REPORT: decimus.mem.free.value 1847111680 1313533066
2011-08-16 15:17:46 INFO     REPORT: decimus.cpu.idle.value 97.90 1313533066
2011-08-16 15:17:46 INFO     REPORT: decimus.cpu.softirq.value 0.00 1313533066
2011-08-16 15:17:46 INFO     REPORT: decimus.mem.total.value 4012400640 1313533066
2011-08-16 15:17:46 DEBUG    mtype = <class 'metrics.GaugeMetric'>
2011-08-16 15:17:46 DEBUG    value = 4012400640
2011-08-16 15:17:46 DEBUG    mtype = <class 'metrics.GaugeMetric'>
2011-08-16 15:17:46 DEBUG    value = 1845268480
2011-08-16 15:17:46 DEBUG    mtype = <class 'metrics.GaugeMetric'>
2011-08-16 15:17:46 DEBUG    value = 132055040
2011-08-16 15:17:46 DEBUG    mtype = <class 'metrics.GaugeMetric'>
2011-08-16 15:17:46 DEBUG    value = 1050804224
2011-08-16 15:17:47 DEBUG    mtype = <class 'metrics.GaugeMetric'>
2011-08-16 15:17:47 DEBUG    value = 1.39
2011-08-16 15:17:47 DEBUG    mtype = <class 'metrics.GaugeMetric'>
2011-08-16 15:17:47 DEBUG    value = 0.00
2011-08-16 15:17:47 DEBUG    mtype = <class 'metrics.GaugeMetric'>
2011-08-16 15:17:47 DEBUG    value = 0.60
2011-08-16 15:17:47 DEBUG    mtype = <class 'metrics.GaugeMetric'>
2011-08-16 15:17:47 DEBUG    value = 97.39
2011-08-16 15:17:47 DEBUG    mtype = <class 'metrics.GaugeMetric'>
2011-08-16 15:17:47 DEBUG    value = 0.62
2011-08-16 15:17:47 DEBUG    mtype = <class 'metrics.GaugeMetric'>
2011-08-16 15:17:47 DEBUG    value = 0.00
2011-08-16 15:17:47 DEBUG    mtype = <class 'metrics.GaugeMetric'>
2011-08-16 15:17:47 DEBUG    value = 0.00
2011-08-16 15:17:56 INFO     REPORT: decimus.cpu.iowait.value 0.62 1313533076
2011-08-16 15:17:56 INFO     REPORT: decimus.mem.cached.value 1050804224 1313533076
2011-08-16 15:17:56 INFO     REPORT: decimus.mem.buffers.value 132055040 1313533076
2011-08-16 15:17:56 INFO     REPORT: decimus.cpu.user.value 1.39 1313533076
2011-08-16 15:17:56 INFO     REPORT: decimus.cpu.system.value 0.60 1313533076
2011-08-16 15:17:56 INFO     REPORT: decimus.cpu.irq.value 0.00 1313533076
2011-08-16 15:17:56 INFO     REPORT: decimus.cpu.nice.value 0.00 1313533076
2011-08-16 15:17:56 INFO     REPORT: decimus.mem.free.value 1845268480 1313533076
2011-08-16 15:17:56 INFO     REPORT: decimus.cpu.idle.value 97.39 1313533076
2011-08-16 15:17:56 INFO     REPORT: decimus.cpu.softirq.value 0.00 1313533076
2011-08-16 15:17:56 INFO     REPORT: decimus.mem.total.value 4012400640 1313533076
2011-08-16 15:17:56 DEBUG    mtype = <class 'metrics.GaugeMetric'>
2011-08-16 15:17:56 DEBUG    value = 4012400640
2011-08-16 15:17:56 DEBUG    mtype = <class 'metrics.GaugeMetric'>
2011-08-16 15:17:56 DEBUG    value = 1845411840
2011-08-16 15:17:56 DEBUG    mtype = <class 'metrics.GaugeMetric'>
2011-08-16 15:17:56 DEBUG    value = 132075520
2011-08-16 15:17:56 DEBUG    mtype = <class 'metrics.GaugeMetric'>
2011-08-16 15:17:56 DEBUG    value = 1050836992
2011-08-16 15:17:57 DEBUG    mtype = <class 'metrics.GaugeMetric'>
2011-08-16 15:17:57 DEBUG    value = 1.35
2011-08-16 15:17:57 DEBUG    mtype = <class 'metrics.GaugeMetric'>
2011-08-16 15:17:57 DEBUG    value = 0.00
2011-08-16 15:17:57 DEBUG    mtype = <class 'metrics.GaugeMetric'>
2011-08-16 15:17:57 DEBUG    value = 0.68
2011-08-16 15:17:57 DEBUG    mtype = <class 'metrics.GaugeMetric'>
2011-08-16 15:17:57 DEBUG    value = 97.87
2011-08-16 15:17:57 DEBUG    mtype = <class 'metrics.GaugeMetric'>
2011-08-16 15:17:57 DEBUG    value = 0.10
2011-08-16 15:17:57 DEBUG    mtype = <class 'metrics.GaugeMetric'>
2011-08-16 15:17:57 DEBUG    value = 0.00
2011-08-16 15:17:57 DEBUG    mtype = <class 'metrics.GaugeMetric'>
2011-08-16 15:17:57 DEBUG    value = 0.00
2011-08-16 15:18:06 INFO     REPORT: decimus.cpu.iowait.value 0.10 1313533086
2011-08-16 15:18:06 INFO     REPORT: decimus.mem.cached.value 1050836992 1313533086
2011-08-16 15:18:06 INFO     REPORT: decimus.mem.buffers.value 132075520 1313533086
2011-08-16 15:18:06 INFO     REPORT: decimus.cpu.user.value 1.35 1313533086
2011-08-16 15:18:06 INFO     REPORT: decimus.cpu.system.value 0.68 1313533086
2011-08-16 15:18:06 INFO     REPORT: decimus.cpu.irq.value 0.00 1313533086
2011-08-16 15:18:06 INFO     REPORT: decimus.cpu.nice.value 0.00 1313533086
2011-08-16 15:18:06 INFO     REPORT: decimus.mem.free.value 1845411840 1313533086
2011-08-16 15:18:06 INFO     REPORT: decimus.cpu.idle.value 97.87 1313533086
2011-08-16 15:18:06 INFO     REPORT: decimus.cpu.softirq.value 0.00 1313533086
2011-08-16 15:18:06 INFO     REPORT: decimus.mem.total.value 4012400640 1313533086
2011-08-16 15:18:06 DEBUG    mtype = <class 'metrics.GaugeMetric'>
2011-08-16 15:18:06 DEBUG    value = 4012400640
2011-08-16 15:18:06 DEBUG    mtype = <class 'metrics.GaugeMetric'>
2011-08-16 15:18:06 DEBUG    value = 1844736000
2011-08-16 15:18:06 DEBUG    mtype = <class 'metrics.GaugeMetric'>
2011-08-16 15:18:06 DEBUG    value = 132079616
2011-08-16 15:18:06 DEBUG    mtype = <class 'metrics.GaugeMetric'>
2011-08-16 15:18:06 DEBUG    value = 1050857472
2011-08-16 15:18:07 DEBUG    mtype = <class 'metrics.GaugeMetric'>
2011-08-16 15:18:07 DEBUG    value = 1.17
2011-08-16 15:18:07 DEBUG    mtype = <class 'metrics.GaugeMetric'>
2011-08-16 15:18:07 DEBUG    value = 0.00
2011-08-16 15:18:07 DEBUG    mtype = <class 'metrics.GaugeMetric'>
2011-08-16 15:18:07 DEBUG    value = 0.65
2011-08-16 15:18:07 DEBUG    mtype = <class 'metrics.GaugeMetric'>
2011-08-16 15:18:07 DEBUG    value = 98.10
2011-08-16 15:18:07 DEBUG    mtype = <class 'metrics.GaugeMetric'>
2011-08-16 15:18:07 DEBUG    value = 0.05
2011-08-16 15:18:07 DEBUG    mtype = <class 'metrics.GaugeMetric'>
2011-08-16 15:18:07 DEBUG    value = 0.00
2011-08-16 15:18:07 DEBUG    mtype = <class 'metrics.GaugeMetric'>
2011-08-16 15:18:07 DEBUG    value = 0.02
2011-08-16 15:18:16 INFO     REPORT: decimus.cpu.iowait.value 0.05 1313533096
2011-08-16 15:18:16 INFO     REPORT: decimus.mem.cached.value 1050857472 1313533096
2011-08-16 15:18:16 INFO     REPORT: decimus.mem.buffers.value 132079616 1313533096
2011-08-16 15:18:16 INFO     REPORT: decimus.cpu.user.value 1.17 1313533096
2011-08-16 15:18:16 INFO     REPORT: decimus.cpu.system.value 0.65 1313533096
2011-08-16 15:18:16 INFO     REPORT: decimus.cpu.irq.value 0.00 1313533096
2011-08-16 15:18:16 INFO     REPORT: decimus.cpu.nice.value 0.00 1313533096
2011-08-16 15:18:16 INFO     REPORT: decimus.mem.free.value 1844736000 1313533096
2011-08-16 15:18:16 INFO     REPORT: decimus.cpu.idle.value 98.10 1313533096
2011-08-16 15:18:16 INFO     REPORT: decimus.cpu.softirq.value 0.02 1313533096
2011-08-16 15:18:16 INFO     REPORT: decimus.mem.total.value 4012400640 1313533096
2011-08-16 15:18:16 DEBUG    mtype = <class 'metrics.GaugeMetric'>
2011-08-16 15:18:16 DEBUG    value = 4012400640
2011-08-16 15:18:16 DEBUG    mtype = <class 'metrics.GaugeMetric'>
2011-08-16 15:18:16 DEBUG    value = 1844125696
2011-08-16 15:18:16 DEBUG    mtype = <class 'metrics.GaugeMetric'>
2011-08-16 15:18:16 DEBUG    value = 132091904
2011-08-16 15:18:16 DEBUG    mtype = <class 'metrics.GaugeMetric'>
2011-08-16 15:18:16 DEBUG    value = 1051287552
2011-08-16 15:18:17 DEBUG    mtype = <class 'metrics.GaugeMetric'>
2011-08-16 15:18:17 DEBUG    value = 1.30
2011-08-16 15:18:17 DEBUG    mtype = <class 'metrics.GaugeMetric'>
2011-08-16 15:18:17 DEBUG    value = 0.00
2011-08-16 15:18:17 DEBUG    mtype = <class 'metrics.GaugeMetric'>
2011-08-16 15:18:17 DEBUG    value = 0.80
2011-08-16 15:18:17 DEBUG    mtype = <class 'metrics.GaugeMetric'>
2011-08-16 15:18:17 DEBUG    value = 97.90
2011-08-16 15:18:17 DEBUG    mtype = <class 'metrics.GaugeMetric'>
2011-08-16 15:18:17 DEBUG    value = 0.00
2011-08-16 15:18:17 DEBUG    mtype = <class 'metrics.GaugeMetric'>
2011-08-16 15:18:17 DEBUG    value = 0.00
2011-08-16 15:18:17 DEBUG    mtype = <class 'metrics.GaugeMetric'>
2011-08-16 15:18:17 DEBUG    value = 0.00
2011-08-16 15:18:26 INFO     REPORT: decimus.cpu.iowait.value 0.00 1313533106
2011-08-16 15:18:26 INFO     REPORT: decimus.mem.cached.value 1051287552 1313533106
2011-08-16 15:18:26 INFO     REPORT: decimus.mem.buffers.value 132091904 1313533106
2011-08-16 15:18:26 INFO     REPORT: decimus.cpu.user.value 1.30 1313533106
2011-08-16 15:18:26 INFO     REPORT: decimus.cpu.system.value 0.80 1313533106
2011-08-16 15:18:26 INFO     REPORT: decimus.cpu.irq.value 0.00 1313533106
2011-08-16 15:18:26 INFO     REPORT: decimus.cpu.nice.value 0.00 1313533106
2011-08-16 15:18:26 INFO     REPORT: decimus.mem.free.value 1844125696 1313533106
2011-08-16 15:18:26 INFO     REPORT: decimus.cpu.idle.value 97.90 1313533106
2011-08-16 15:18:26 INFO     REPORT: decimus.cpu.softirq.value 0.00 1313533106
2011-08-16 15:18:26 INFO     REPORT: decimus.mem.total.value 4012400640 1313533106
2011-08-16 15:18:26 DEBUG    mtype = <class 'metrics.GaugeMetric'>
2011-08-16 15:18:26 DEBUG    value = 4012400640
2011-08-16 15:18:26 DEBUG    mtype = <class 'metrics.GaugeMetric'>
2011-08-16 15:18:26 DEBUG    value = 1844252672
2011-08-16 15:18:26 DEBUG    mtype = <class 'metrics.GaugeMetric'>
2011-08-16 15:18:26 DEBUG    value = 132100096
2011-08-16 15:18:26 DEBUG    mtype = <class 'metrics.GaugeMetric'>
2011-08-16 15:18:26 DEBUG    value = 1051594752
2011-08-16 15:18:27 DEBUG    mtype = <class 'metrics.GaugeMetric'>
2011-08-16 15:18:27 DEBUG    value = 1.29
2011-08-16 15:18:27 DEBUG    mtype = <class 'metrics.GaugeMetric'>
2011-08-16 15:18:27 DEBUG    value = 0.00
2011-08-16 15:18:27 DEBUG    mtype = <class 'metrics.GaugeMetric'>
2011-08-16 15:18:27 DEBUG    value = 0.75
2011-08-16 15:18:27 DEBUG    mtype = <class 'metrics.GaugeMetric'>
2011-08-16 15:18:27 DEBUG    value = 97.96
2011-08-16 15:18:27 DEBUG    mtype = <class 'metrics.GaugeMetric'>
2011-08-16 15:18:27 DEBUG    value = 0.00
2011-08-16 15:18:27 DEBUG    mtype = <class 'metrics.GaugeMetric'>
2011-08-16 15:18:27 DEBUG    value = 0.00
2011-08-16 15:18:27 DEBUG    mtype = <class 'metrics.GaugeMetric'>
2011-08-16 15:18:27 DEBUG    value = 0.00
2011-08-16 15:18:36 INFO     REPORT: decimus.cpu.iowait.value 0.00 1313533116
2011-08-16 15:18:36 INFO     REPORT: decimus.mem.cached.value 1051594752 1313533116
2011-08-16 15:18:36 INFO     REPORT: decimus.mem.buffers.value 132100096 1313533116
2011-08-16 15:18:36 INFO     REPORT: decimus.cpu.user.value 1.29 1313533116
2011-08-16 15:18:36 INFO     REPORT: decimus.cpu.system.value 0.75 1313533116
2011-08-16 15:18:36 INFO     REPORT: decimus.cpu.irq.value 0.00 1313533116
2011-08-16 15:18:36 INFO     REPORT: decimus.cpu.nice.value 0.00 1313533116
2011-08-16 15:18:36 INFO     REPORT: decimus.mem.free.value 1844252672 1313533116
2011-08-16 15:18:36 INFO     REPORT: decimus.cpu.idle.value 97.96 1313533116
2011-08-16 15:18:36 INFO     REPORT: decimus.cpu.softirq.value 0.00 1313533116
2011-08-16 15:18:36 INFO     REPORT: decimus.mem.total.value 4012400640 1313533116
2011-08-16 15:18:36 DEBUG    mtype = <class 'metrics.GaugeMetric'>
2011-08-16 15:18:36 DEBUG    value = 4012400640
2011-08-16 15:18:36 DEBUG    mtype = <class 'metrics.GaugeMetric'>
2011-08-16 15:18:36 DEBUG    value = 1845370880
2011-08-16 15:18:36 DEBUG    mtype = <class 'metrics.GaugeMetric'>
2011-08-16 15:18:36 DEBUG    value = 132108288
2011-08-16 15:18:36 DEBUG    mtype = <class 'metrics.GaugeMetric'>
2011-08-16 15:18:36 DEBUG    value = 1051598848
2011-08-16 15:18:37 DEBUG    mtype = <class 'metrics.GaugeMetric'>
2011-08-16 15:18:37 DEBUG    value = 1.93
2011-08-16 15:18:37 DEBUG    mtype = <class 'metrics.GaugeMetric'>
2011-08-16 15:18:37 DEBUG    value = 0.00
2011-08-16 15:18:37 DEBUG    mtype = <class 'metrics.GaugeMetric'>
2011-08-16 15:18:37 DEBUG    value = 0.80
2011-08-16 15:18:37 DEBUG    mtype = <class 'metrics.GaugeMetric'>
2011-08-16 15:18:37 DEBUG    value = 97.16
2011-08-16 15:18:37 DEBUG    mtype = <class 'metrics.GaugeMetric'>
2011-08-16 15:18:37 DEBUG    value = 0.10
2011-08-16 15:18:37 DEBUG    mtype = <class 'metrics.GaugeMetric'>
2011-08-16 15:18:37 DEBUG    value = 0.00
2011-08-16 15:18:37 DEBUG    mtype = <class 'metrics.GaugeMetric'>
2011-08-16 15:18:37 DEBUG    value = 0.00
2011-08-16 15:18:46 INFO     REPORT: decimus.cpu.iowait.value 0.10 1313533126
2011-08-16 15:18:46 INFO     REPORT: decimus.mem.cached.value 1051598848 1313533126
2011-08-16 15:18:46 INFO     REPORT: decimus.mem.buffers.value 132108288 1313533126
2011-08-16 15:18:46 INFO     REPORT: decimus.cpu.user.value 1.93 1313533126
2011-08-16 15:18:46 INFO     REPORT: decimus.cpu.system.value 0.80 1313533126
2011-08-16 15:18:46 INFO     REPORT: decimus.cpu.irq.value 0.00 1313533126
2011-08-16 15:18:46 INFO     REPORT: decimus.cpu.nice.value 0.00 1313533126
2011-08-16 15:18:46 INFO     REPORT: decimus.mem.free.value 1845370880 1313533126
2011-08-16 15:18:46 INFO     REPORT: decimus.cpu.idle.value 97.16 1313533126
2011-08-16 15:18:46 INFO     REPORT: decimus.cpu.softirq.value 0.00 1313533126
2011-08-16 15:18:46 INFO     REPORT: decimus.mem.total.value 4012400640 1313533126
2011-08-16 15:18:46 DEBUG    mtype = <class 'metrics.GaugeMetric'>
2011-08-16 15:18:46 DEBUG    value = 4012400640
2011-08-16 15:18:46 DEBUG    mtype = <class 'metrics.GaugeMetric'>
2011-08-16 15:18:46 DEBUG    value = 1845006336
2011-08-16 15:18:46 DEBUG    mtype = <class 'metrics.GaugeMetric'>
2011-08-16 15:18:46 DEBUG    value = 132124672
2011-08-16 15:18:46 DEBUG    mtype = <class 'metrics.GaugeMetric'>
2011-08-16 15:18:46 DEBUG    value = 1051676672
2011-08-16 15:18:47 DEBUG    mtype = <class 'metrics.GaugeMetric'>
2011-08-16 15:18:47 DEBUG    value = 1.35
2011-08-16 15:18:47 DEBUG    mtype = <class 'metrics.GaugeMetric'>
2011-08-16 15:18:47 DEBUG    value = 0.00
2011-08-16 15:18:47 DEBUG    mtype = <class 'metrics.GaugeMetric'>
2011-08-16 15:18:47 DEBUG    value = 0.82
2011-08-16 15:18:47 DEBUG    mtype = <class 'metrics.GaugeMetric'>
2011-08-16 15:18:47 DEBUG    value = 97.83
2011-08-16 15:18:47 DEBUG    mtype = <class 'metrics.GaugeMetric'>
2011-08-16 15:18:47 DEBUG    value = 0.00
2011-08-16 15:18:47 DEBUG    mtype = <class 'metrics.GaugeMetric'>
2011-08-16 15:18:47 DEBUG    value = 0.00
2011-08-16 15:18:47 DEBUG    mtype = <class 'metrics.GaugeMetric'>
2011-08-16 15:18:47 DEBUG    value = 0.00
2011-08-16 15:18:56 INFO     REPORT: decimus.cpu.iowait.value 0.00 1313533136
2011-08-16 15:18:56 INFO     REPORT: decimus.mem.cached.value 1051676672 1313533136
2011-08-16 15:18:56 INFO     REPORT: decimus.mem.buffers.value 132124672 1313533136
2011-08-16 15:18:56 INFO     REPORT: decimus.cpu.user.value 1.35 1313533136
2011-08-16 15:18:56 INFO     REPORT: decimus.cpu.system.value 0.82 1313533136
2011-08-16 15:18:56 INFO     REPORT: decimus.cpu.irq.value 0.00 1313533136
2011-08-16 15:18:56 INFO     REPORT: decimus.cpu.nice.value 0.00 1313533136
2011-08-16 15:18:56 INFO     REPORT: decimus.mem.free.value 1845006336 1313533136
2011-08-16 15:18:56 INFO     REPORT: decimus.cpu.idle.value 97.83 1313533136
2011-08-16 15:18:56 INFO     REPORT: decimus.cpu.softirq.value 0.00 1313533136
2011-08-16 15:18:56 INFO     REPORT: decimus.mem.total.value 4012400640 1313533136
2011-08-16 15:18:56 DEBUG    mtype = <class 'metrics.GaugeMetric'>
2011-08-16 15:18:56 DEBUG    value = 4012400640
2011-08-16 15:18:56 DEBUG    mtype = <class 'metrics.GaugeMetric'>
2011-08-16 15:18:56 DEBUG    value = 1844948992
2011-08-16 15:18:56 DEBUG    mtype = <class 'metrics.GaugeMetric'>
2011-08-16 15:18:56 DEBUG    value = 132132864
2011-08-16 15:18:56 DEBUG    mtype = <class 'metrics.GaugeMetric'>
2011-08-16 15:18:56 DEBUG    value = 1051602944
2011-08-16 15:18:57 DEBUG    mtype = <class 'metrics.GaugeMetric'>
2011-08-16 15:18:57 DEBUG    value = 1.25
2011-08-16 15:18:57 DEBUG    mtype = <class 'metrics.GaugeMetric'>
2011-08-16 15:18:57 DEBUG    value = 0.00
2011-08-16 15:18:57 DEBUG    mtype = <class 'metrics.GaugeMetric'>
2011-08-16 15:18:57 DEBUG    value = 0.72
2011-08-16 15:18:57 DEBUG    mtype = <class 'metrics.GaugeMetric'>
2011-08-16 15:18:57 DEBUG    value = 97.86
2011-08-16 15:18:57 DEBUG    mtype = <class 'metrics.GaugeMetric'>
2011-08-16 15:18:57 DEBUG    value = 0.17
2011-08-16 15:18:57 DEBUG    mtype = <class 'metrics.GaugeMetric'>
2011-08-16 15:18:57 DEBUG    value = 0.00
2011-08-16 15:18:57 DEBUG    mtype = <class 'metrics.GaugeMetric'>
2011-08-16 15:18:57 DEBUG    value = 0.00
2011-08-16 15:19:06 INFO     REPORT: decimus.cpu.iowait.value 0.17 1313533146
2011-08-16 15:19:06 INFO     REPORT: decimus.mem.cached.value 1051602944 1313533146
2011-08-16 15:19:06 INFO     REPORT: decimus.mem.buffers.value 132132864 1313533146
2011-08-16 15:19:06 INFO     REPORT: decimus.cpu.user.value 1.25 1313533146
2011-08-16 15:19:06 INFO     REPORT: decimus.cpu.system.value 0.72 1313533146
2011-08-16 15:19:06 INFO     REPORT: decimus.cpu.irq.value 0.00 1313533146
2011-08-16 15:19:06 INFO     REPORT: decimus.cpu.nice.value 0.00 1313533146
2011-08-16 15:19:06 INFO     REPORT: decimus.mem.free.value 1844948992 1313533146
2011-08-16 15:19:06 INFO     REPORT: decimus.cpu.idle.value 97.86 1313533146
2011-08-16 15:19:06 INFO     REPORT: decimus.cpu.softirq.value 0.00 1313533146
2011-08-16 15:19:06 INFO     REPORT: decimus.mem.total.value 4012400640 1313533146
2011-08-16 15:19:06 DEBUG    mtype = <class 'metrics.GaugeMetric'>
2011-08-16 15:19:06 DEBUG    value = 4012400640
2011-08-16 15:19:06 DEBUG    mtype = <class 'metrics.GaugeMetric'>
2011-08-16 15:19:06 DEBUG    value = 1845239808
2011-08-16 15:19:06 DEBUG    mtype = <class 'metrics.GaugeMetric'>
2011-08-16 15:19:06 DEBUG    value = 132141056
2011-08-16 15:19:06 DEBUG    mtype = <class 'metrics.GaugeMetric'>
2011-08-16 15:19:06 DEBUG    value = 1051602944
2011-08-16 15:19:07 DEBUG    mtype = <class 'metrics.GaugeMetric'>
2011-08-16 15:19:07 DEBUG    value = 2.96
2011-08-16 15:19:07 DEBUG    mtype = <class 'metrics.GaugeMetric'>
2011-08-16 15:19:07 DEBUG    value = 0.00
2011-08-16 15:19:07 DEBUG    mtype = <class 'metrics.GaugeMetric'>
2011-08-16 15:19:07 DEBUG    value = 0.75
2011-08-16 15:19:07 DEBUG    mtype = <class 'metrics.GaugeMetric'>
2011-08-16 15:19:07 DEBUG    value = 95.82
2011-08-16 15:19:07 DEBUG    mtype = <class 'metrics.GaugeMetric'>
2011-08-16 15:19:07 DEBUG    value = 0.48
2011-08-16 15:19:07 DEBUG    mtype = <class 'metrics.GaugeMetric'>
2011-08-16 15:19:07 DEBUG    value = 0.00
2011-08-16 15:19:07 DEBUG    mtype = <class 'metrics.GaugeMetric'>
2011-08-16 15:19:07 DEBUG    value = 0.00
2011-08-16 15:19:16 INFO     REPORT: decimus.cpu.iowait.value 0.48 1313533156
2011-08-16 15:19:16 INFO     REPORT: decimus.mem.cached.value 1051602944 1313533156
2011-08-16 15:19:16 INFO     REPORT: decimus.mem.buffers.value 132141056 1313533156
2011-08-16 15:19:16 INFO     REPORT: decimus.cpu.user.value 2.96 1313533156
2011-08-16 15:19:16 INFO     REPORT: decimus.cpu.system.value 0.75 1313533156
2011-08-16 15:19:16 INFO     REPORT: decimus.cpu.irq.value 0.00 1313533156
2011-08-16 15:19:16 INFO     REPORT: decimus.cpu.nice.value 0.00 1313533156
2011-08-16 15:19:16 INFO     REPORT: decimus.mem.free.value 1845239808 1313533156
2011-08-16 15:19:16 INFO     REPORT: decimus.cpu.idle.value 95.82 1313533156
2011-08-16 15:19:16 INFO     REPORT: decimus.cpu.softirq.value 0.00 1313533156
2011-08-16 15:19:16 INFO     REPORT: decimus.mem.total.value 4012400640 1313533156
2011-08-16 15:19:16 DEBUG    mtype = <class 'metrics.GaugeMetric'>
2011-08-16 15:19:16 DEBUG    value = 4012400640
2011-08-16 15:19:16 DEBUG    mtype = <class 'metrics.GaugeMetric'>
2011-08-16 15:19:16 DEBUG    value = 1845149696
2011-08-16 15:19:16 DEBUG    mtype = <class 'metrics.GaugeMetric'>
2011-08-16 15:19:16 DEBUG    value = 132157440
2011-08-16 15:19:16 DEBUG    mtype = <class 'metrics.GaugeMetric'>
2011-08-16 15:19:16 DEBUG    value = 1051631616
2011-08-16 15:19:17 DEBUG    mtype = <class 'metrics.GaugeMetric'>
2011-08-16 15:19:17 DEBUG    value = 1.27
2011-08-16 15:19:17 DEBUG    mtype = <class 'metrics.GaugeMetric'>
2011-08-16 15:19:17 DEBUG    value = 0.00
2011-08-16 15:19:17 DEBUG    mtype = <class 'metrics.GaugeMetric'>
2011-08-16 15:19:17 DEBUG    value = 0.87
2011-08-16 15:19:17 DEBUG    mtype = <class 'metrics.GaugeMetric'>
2011-08-16 15:19:17 DEBUG    value = 97.78
2011-08-16 15:19:17 DEBUG    mtype = <class 'metrics.GaugeMetric'>
2011-08-16 15:19:17 DEBUG    value = 0.07
2011-08-16 15:19:17 DEBUG    mtype = <class 'metrics.GaugeMetric'>
2011-08-16 15:19:17 DEBUG    value = 0.00
2011-08-16 15:19:17 DEBUG    mtype = <class 'metrics.GaugeMetric'>
2011-08-16 15:19:17 DEBUG    value = 0.00
2011-08-16 15:19:26 INFO     REPORT: decimus.cpu.iowait.value 0.07 1313533166
2011-08-16 15:19:26 INFO     REPORT: decimus.mem.cached.value 1051631616 1313533166
2011-08-16 15:19:26 INFO     REPORT: decimus.mem.buffers.value 132157440 1313533166
2011-08-16 15:19:26 INFO     REPORT: decimus.cpu.user.value 1.27 1313533166
2011-08-16 15:19:26 INFO     REPORT: decimus.cpu.system.value 0.87 1313533166
2011-08-16 15:19:26 INFO     REPORT: decimus.cpu.irq.value 0.00 1313533166
2011-08-16 15:19:26 INFO     REPORT: decimus.cpu.nice.value 0.00 1313533166
2011-08-16 15:19:26 INFO     REPORT: decimus.mem.free.value 1845149696 1313533166
2011-08-16 15:19:26 INFO     REPORT: decimus.cpu.idle.value 97.78 1313533166
2011-08-16 15:19:26 INFO     REPORT: decimus.cpu.softirq.value 0.00 1313533166
2011-08-16 15:19:26 INFO     REPORT: decimus.mem.total.value 4012400640 1313533166
2011-08-16 15:19:26 DEBUG    mtype = <class 'metrics.GaugeMetric'>
2011-08-16 15:19:26 DEBUG    value = 4012400640
2011-08-16 15:19:26 DEBUG    mtype = <class 'metrics.GaugeMetric'>
2011-08-16 15:19:26 DEBUG    value = 1842905088
2011-08-16 15:19:26 DEBUG    mtype = <class 'metrics.GaugeMetric'>
2011-08-16 15:19:26 DEBUG    value = 132165632
2011-08-16 15:19:26 DEBUG    mtype = <class 'metrics.GaugeMetric'>
2011-08-16 15:19:26 DEBUG    value = 1051611136
2011-08-16 15:19:27 DEBUG    mtype = <class 'metrics.GaugeMetric'>
2011-08-16 15:19:27 DEBUG    value = 1.15
2011-08-16 15:19:27 DEBUG    mtype = <class 'metrics.GaugeMetric'>
2011-08-16 15:19:27 DEBUG    value = 0.00
2011-08-16 15:19:27 DEBUG    mtype = <class 'metrics.GaugeMetric'>
2011-08-16 15:19:27 DEBUG    value = 0.92
2011-08-16 15:19:27 DEBUG    mtype = <class 'metrics.GaugeMetric'>
2011-08-16 15:19:27 DEBUG    value = 97.88
2011-08-16 15:19:27 DEBUG    mtype = <class 'metrics.GaugeMetric'>
2011-08-16 15:19:27 DEBUG    value = 0.05
2011-08-16 15:19:27 DEBUG    mtype = <class 'metrics.GaugeMetric'>
2011-08-16 15:19:27 DEBUG    value = 0.00
2011-08-16 15:19:27 DEBUG    mtype = <class 'metrics.GaugeMetric'>
2011-08-16 15:19:27 DEBUG    value = 0.00
2011-08-16 15:19:36 INFO     REPORT: decimus.cpu.iowait.value 0.05 1313533176
2011-08-16 15:19:36 INFO     REPORT: decimus.mem.cached.value 1051611136 1313533176
2011-08-16 15:19:36 INFO     REPORT: decimus.mem.buffers.value 132165632 1313533176
2011-08-16 15:19:36 INFO     REPORT: decimus.cpu.user.value 1.15 1313533176
2011-08-16 15:19:36 INFO     REPORT: decimus.cpu.system.value 0.92 1313533176
2011-08-16 15:19:36 INFO     REPORT: decimus.cpu.irq.value 0.00 1313533176
2011-08-16 15:19:36 INFO     REPORT: decimus.cpu.nice.value 0.00 1313533176
2011-08-16 15:19:36 INFO     REPORT: decimus.mem.free.value 1842905088 1313533176
2011-08-16 15:19:36 INFO     REPORT: decimus.cpu.idle.value 97.88 1313533176
2011-08-16 15:19:36 INFO     REPORT: decimus.cpu.softirq.value 0.00 1313533176
2011-08-16 15:19:36 INFO     REPORT: decimus.mem.total.value 4012400640 1313533176
2011-08-16 15:19:36 DEBUG    mtype = <class 'metrics.GaugeMetric'>
2011-08-16 15:19:36 DEBUG    value = 4012400640
2011-08-16 15:19:36 DEBUG    mtype = <class 'metrics.GaugeMetric'>
2011-08-16 15:19:36 DEBUG    value = 1842130944
2011-08-16 15:19:36 DEBUG    mtype = <class 'metrics.GaugeMetric'>
2011-08-16 15:19:36 DEBUG    value = 132173824
2011-08-16 15:19:36 DEBUG    mtype = <class 'metrics.GaugeMetric'>
2011-08-16 15:19:36 DEBUG    value = 1051676672
2011-08-16 15:19:37 DEBUG    mtype = <class 'metrics.GaugeMetric'>
2011-08-16 15:19:37 DEBUG    value = 1.23
2011-08-16 15:19:37 DEBUG    mtype = <class 'metrics.GaugeMetric'>
2011-08-16 15:19:37 DEBUG    value = 0.13
2011-08-16 15:19:37 DEBUG    mtype = <class 'metrics.GaugeMetric'>
2011-08-16 15:19:37 DEBUG    value = 1.00
2011-08-16 15:19:37 DEBUG    mtype = <class 'metrics.GaugeMetric'>
2011-08-16 15:19:37 DEBUG    value = 97.14
2011-08-16 15:19:37 DEBUG    mtype = <class 'metrics.GaugeMetric'>
2011-08-16 15:19:37 DEBUG    value = 0.50
2011-08-16 15:19:37 DEBUG    mtype = <class 'metrics.GaugeMetric'>
2011-08-16 15:19:37 DEBUG    value = 0.00
2011-08-16 15:19:37 DEBUG    mtype = <class 'metrics.GaugeMetric'>
2011-08-16 15:19:37 DEBUG    value = 0.00
2011-08-16 15:19:46 INFO     REPORT: decimus.cpu.iowait.value 0.50 1313533186
2011-08-16 15:19:46 INFO     REPORT: decimus.mem.cached.value 1051676672 1313533186
2011-08-16 15:19:46 INFO     REPORT: decimus.mem.buffers.value 132173824 1313533186
2011-08-16 15:19:46 INFO     REPORT: decimus.cpu.user.value 1.23 1313533186
2011-08-16 15:19:46 INFO     REPORT: decimus.cpu.system.value 1.00 1313533186
2011-08-16 15:19:46 INFO     REPORT: decimus.cpu.irq.value 0.00 1313533186
2011-08-16 15:19:46 INFO     REPORT: decimus.cpu.nice.value 0.13 1313533186
2011-08-16 15:19:46 INFO     REPORT: decimus.mem.free.value 1842130944 1313533186
2011-08-16 15:19:46 INFO     REPORT: decimus.cpu.idle.value 97.14 1313533186
2011-08-16 15:19:46 INFO     REPORT: decimus.cpu.softirq.value 0.00 1313533186
2011-08-16 15:19:46 INFO     REPORT: decimus.mem.total.value 4012400640 1313533186
2011-08-16 15:19:46 WARNING  Received SIGINT indicating exit request
2011-08-16 15:19:46 DEBUG    mtype = <class 'metrics.GaugeMetric'>
2011-08-16 15:19:46 DEBUG    value = 4012400640
2011-08-16 15:19:46 DEBUG    mtype = <class 'metrics.GaugeMetric'>
2011-08-16 15:19:46 DEBUG    value = 1842421760
2011-08-16 15:19:46 DEBUG    mtype = <class 'metrics.GaugeMetric'>
2011-08-16 15:19:46 DEBUG    value = 132182016
2011-08-16 15:19:46 DEBUG    mtype = <class 'metrics.GaugeMetric'>
2011-08-16 15:19:46 DEBUG    value = 1051734016
2011-08-16 15:19:47 DEBUG    mtype = <class 'metrics.GaugeMetric'>
2011-08-16 15:19:47 DEBUG    value = 1.34
2011-08-16 15:19:47 DEBUG    mtype = <class 'metrics.GaugeMetric'>
2011-08-16 15:19:47 DEBUG    value = 0.00
2011-08-16 15:19:47 DEBUG    mtype = <class 'metrics.GaugeMetric'>
2011-08-16 15:19:47 DEBUG    value = 0.92
2011-08-16 15:19:47 DEBUG    mtype = <class 'metrics.GaugeMetric'>
2011-08-16 15:19:47 DEBUG    value = 97.72
2011-08-16 15:19:47 DEBUG    mtype = <class 'metrics.GaugeMetric'>
2011-08-16 15:19:47 DEBUG    value = 0.00
2011-08-16 15:19:47 DEBUG    mtype = <class 'metrics.GaugeMetric'>
2011-08-16 15:19:47 DEBUG    value = 0.00
2011-08-16 15:19:47 DEBUG    mtype = <class 'metrics.GaugeMetric'>
2011-08-16 15:19:47 DEBUG    value = 0.02
2011-08-16 15:19:47 DEBUG    killing memory (pid 21108) with signal SIGTERM
2011-08-16 15:19:47 INFO     stopped: memory (terminated by SIGTERM)
2011-08-16 15:19:47 DEBUG    Received SIGCLD indicating a child quit
2011-08-16 15:19:48 DEBUG    killing cpu (pid 21107) with signal SIGTERM
2011-08-16 15:19:48 INFO     stopped: cpu (terminated by SIGTERM)
2011-08-16 15:19:48 DEBUG    Received SIGCLD indicating a child quit
2011-08-16 15:19:49 INFO     squib 0.0.1 STOP
